2026-06-01 10:36:19,673 INFO [src_ground_truth.runner] History records: 937 from D:\Blockchain\DO_AN\TRON-ICE\src\off-chain\output\sideshift_recent_deposits.jsonl
2026-06-01 10:36:19,761 INFO [src_ground_truth.io] Stream-loaded 1165 txs from deposits_trongrid_sideshift_2026.json (window 1779346670531 .. 1780376865065)
2026-06-01 10:36:19,818 INFO [src_ground_truth.io] Stream-loaded 1368 txs from withdrawals_trongrid_sideshift_2026.json (window 1779346670531 .. 1780376865065)
2026-06-01 10:36:19,818 INFO [src_ground_truth.runner] On-chain classified deposits_trongrid_sideshift_2026.json (window filter active)
2026-06-01 10:36:19,819 INFO [src_ground_truth.runner] On-chain loaded: deposits=1165 withdrawals=1368
2026-06-01 10:38:15,465 INFO [src_ground_truth.runner] History records: 937 from D:\Blockchain\DO_AN\TRON-ICE\src\off-chain\output\sideshift_recent_deposits.jsonl
2026-06-01 10:38:15,509 INFO [src_ground_truth.io] Stream-loaded 1165 txs from deposits_trongrid_sideshift_2026.json (window 1779346670531 .. 1780376865065)
2026-06-01 10:38:15,556 INFO [src_ground_truth.io] Stream-loaded 1368 txs from withdrawals_trongrid_sideshift_2026.json (window 1779346670531 .. 1780376865065)
2026-06-01 10:38:15,557 INFO [src_ground_truth.runner] On-chain classified deposits_trongrid_sideshift_2026.json (window filter active)
2026-06-01 10:38:15,557 INFO [src_ground_truth.runner] On-chain loaded: deposits=1165 withdrawals=1368
2026-06-01 10:38:15,570 INFO [src_ground_truth.runner] Matched progress 50/937
2026-06-01 10:38:15,581 INFO [src_ground_truth.runner] Matched progress 100/937
2026-06-01 10:38:15,592 INFO [src_ground_truth.runner] Matched progress 150/937
2026-06-01 10:38:15,602 INFO [src_ground_truth.runner] Matched progress 200/937
2026-06-01 10:38:15,613 INFO [src_ground_truth.runner] Matched progress 250/937
2026-06-01 10:38:15,624 INFO [src_ground_truth.runner] Matched progress 300/937
2026-06-01 10:38:15,634 INFO [src_ground_truth.runner] Matched progress 350/937
2026-06-01 10:38:15,645 INFO [src_ground_truth.runner] Matched progress 400/937
2026-06-01 10:38:15,655 INFO [src_ground_truth.runner] Matched progress 450/937
2026-06-01 10:38:15,665 INFO [src_ground_truth.runner] Matched progress 500/937
2026-06-01 10:38:15,676 INFO [src_ground_truth.runner] Matched progress 550/937
2026-06-01 10:38:15,687 INFO [src_ground_truth.runner] Matched progress 600/937
2026-06-01 10:38:15,698 INFO [src_ground_truth.runner] Matched progress 650/937
2026-06-01 10:38:15,709 INFO [src_ground_truth.runner] Matched progress 700/937
2026-06-01 10:38:15,719 INFO [src_ground_truth.runner] Matched progress 750/937
2026-06-01 10:38:15,730 INFO [src_ground_truth.runner] Matched progress 800/937
2026-06-01 10:38:15,741 INFO [src_ground_truth.runner] Matched progress 850/937
2026-06-01 10:38:15,752 INFO [src_ground_truth.runner] Matched progress 900/937
2026-06-01 10:38:15,783 INFO [ground_truth] DONE {'history_count': 937, 'matched_h': 1, 'matched_deposit': 37, 'matched_settlement': 1, 'out_jsonl': 'D:\\Blockchain\\DO_AN\\TRON-ICE\\ground-truth\\output\\ground_truth_sideshift_2026.jsonl', 'out_json': 'D:\\Blockchain\\DO_AN\\TRON-ICE\\ground-truth\\result\\ground_truth_sideshift_2026.json', 'training_path': 'D:\\Blockchain\\DO_AN\\TRON-ICE\\ground-truth\\output\\training_pairs_sideshift_2026.jsonl', 'training_stats': {'positives': 1, 'negatives': 0}}
2026-06-01 10:42:19,711 INFO [src_ground_truth.runner] History records: 937 from D:\Blockchain\DO_AN\TRON-ICE\src\off-chain\output\sideshift_recent_deposits.jsonl
2026-06-01 10:42:19,753 INFO [src_ground_truth.io] Stream-loaded 1165 txs from deposits_trongrid_sideshift_2026.json (window 1779346670531 .. 1780376865065)
2026-06-01 10:42:19,798 INFO [src_ground_truth.io] Stream-loaded 1368 txs from withdrawals_trongrid_sideshift_2026.json (window 1779346670531 .. 1780376865065)
2026-06-01 10:42:19,799 INFO [src_ground_truth.runner] On-chain classified deposits_trongrid_sideshift_2026.json (window filter active)
2026-06-01 10:42:19,799 INFO [src_ground_truth.runner] On-chain loaded: deposits=1165 withdrawals=1368
2026-06-01 10:42:19,814 INFO [src_ground_truth.runner] Matched progress 50/937
2026-06-01 10:42:19,826 INFO [src_ground_truth.runner] Matched progress 100/937
2026-06-01 10:42:19,837 INFO [src_ground_truth.runner] Matched progress 150/937
2026-06-01 10:42:19,848 INFO [src_ground_truth.runner] Matched progress 200/937
2026-06-01 10:42:19,859 INFO [src_ground_truth.runner] Matched progress 250/937
2026-06-01 10:42:19,870 INFO [src_ground_truth.runner] Matched progress 300/937
2026-06-01 10:42:19,881 INFO [src_ground_truth.runner] Matched progress 350/937
2026-06-01 10:42:19,892 INFO [src_ground_truth.runner] Matched progress 400/937
2026-06-01 10:42:19,902 INFO [src_ground_truth.runner] Matched progress 450/937
2026-06-01 10:42:19,913 INFO [src_ground_truth.runner] Matched progress 500/937
2026-06-01 10:42:19,928 INFO [src_ground_truth.runner] Matched progress 550/937
2026-06-01 10:42:19,940 INFO [src_ground_truth.runner] Matched progress 600/937
2026-06-01 10:42:19,951 INFO [src_ground_truth.runner] Matched progress 650/937
2026-06-01 10:42:19,963 INFO [src_ground_truth.runner] Matched progress 700/937
2026-06-01 10:42:19,974 INFO [src_ground_truth.runner] Matched progress 750/937
2026-06-01 10:42:19,985 INFO [src_ground_truth.runner] Matched progress 800/937
2026-06-01 10:42:19,995 INFO [src_ground_truth.runner] Matched progress 850/937
2026-06-01 10:42:20,006 INFO [src_ground_truth.runner] Matched progress 900/937
2026-06-01 10:42:20,039 INFO [ground_truth] DONE {'history_count': 937, 'matched_h': 1, 'matched_deposit': 37, 'matched_settlement': 1, 'out_jsonl': 'D:\\Blockchain\\DO_AN\\TRON-ICE\\ground-truth\\output\\ground_truth_sideshift_2026.jsonl', 'out_json': 'D:\\Blockchain\\DO_AN\\TRON-ICE\\ground-truth\\result\\ground_truth_sideshift_2026.json', 'training_path': 'D:\\Blockchain\\DO_AN\\TRON-ICE\\ground-truth\\output\\training_pairs_sideshift_2026.jsonl', 'training_stats': {'positives': 1, 'negatives': 0}}
2026-06-01 10:45:28,264 INFO [src_ground_truth.runner] History records: 937 from D:\Blockchain\DO_AN\TRON-ICE\src\off-chain\output\sideshift_recent_deposits.jsonl
2026-06-01 10:45:28,307 INFO [src_ground_truth.io] Stream-loaded 1169 txs from deposits_trongrid_sideshift_2026.json (window 1779341270531 .. 1780396665065)
2026-06-01 10:45:28,354 INFO [src_ground_truth.io] Stream-loaded 1373 txs from withdrawals_trongrid_sideshift_2026.json (window 1779341270531 .. 1780396665065)
2026-06-01 10:45:28,354 INFO [src_ground_truth.runner] On-chain classified deposits_trongrid_sideshift_2026.json (window filter active)
2026-06-01 10:45:28,354 INFO [src_ground_truth.runner] On-chain loaded: deposits=1169 withdrawals=1373
2026-06-01 10:45:28,369 INFO [src_ground_truth.runner] Matched progress 50/937
2026-06-01 10:45:28,381 INFO [src_ground_truth.runner] Matched progress 100/937
2026-06-01 10:45:28,392 INFO [src_ground_truth.runner] Matched progress 150/937
2026-06-01 10:45:28,403 INFO [src_ground_truth.runner] Matched progress 200/937
2026-06-01 10:45:28,414 INFO [src_ground_truth.runner] Matched progress 250/937
2026-06-01 10:45:28,425 INFO [src_ground_truth.runner] Matched progress 300/937
2026-06-01 10:45:28,439 INFO [src_ground_truth.runner] Matched progress 350/937
2026-06-01 10:45:28,449 INFO [src_ground_truth.runner] Matched progress 400/937
2026-06-01 10:45:28,461 INFO [src_ground_truth.runner] Matched progress 450/937
2026-06-01 10:45:28,472 INFO [src_ground_truth.runner] Matched progress 500/937
2026-06-01 10:45:28,482 INFO [src_ground_truth.runner] Matched progress 550/937
2026-06-01 10:45:28,495 INFO [src_ground_truth.runner] Matched progress 600/937
2026-06-01 10:45:28,506 INFO [src_ground_truth.runner] Matched progress 650/937
2026-06-01 10:45:28,518 INFO [src_ground_truth.runner] Matched progress 700/937
2026-06-01 10:45:28,530 INFO [src_ground_truth.runner] Matched progress 750/937
2026-06-01 10:45:28,542 INFO [src_ground_truth.runner] Matched progress 800/937
2026-06-01 10:45:28,556 INFO [src_ground_truth.runner] Matched progress 850/937
2026-06-01 10:45:28,568 INFO [src_ground_truth.runner] Matched progress 900/937
2026-06-01 10:45:28,602 INFO [ground_truth] DONE {'history_count': 937, 'matched_h': 6, 'matched_deposit': 52, 'matched_settlement': 6, 'out_jsonl': 'ground-truth\\output\\ground_truth_sideshift_2026_relaxed.jsonl', 'out_json': 'ground-truth\\result\\ground_truth_sideshift_2026_relaxed.json', 'training_path': 'D:\\Blockchain\\DO_AN\\TRON-ICE\\ground-truth\\output\\training_pairs_sideshift_2026.jsonl', 'training_stats': {'positives': 6, 'negatives': 3}}
2026-06-01 10:51:57,474 INFO [src_ground_truth.runner] History records: 1 from D:\Blockchain\DO_AN\TRON-ICE\src\off-chain\output\sideshift_recent_deposits.jsonl (filter=tron-both, original=937)
2026-06-01 10:51:57,516 INFO [src_ground_truth.io] Stream-loaded 384 txs from deposits_trongrid_sideshift_2026.json (window 1779363432357 .. 1779547032357)
2026-06-01 10:51:57,568 INFO [src_ground_truth.io] Stream-loaded 291 txs from withdrawals_trongrid_sideshift_2026.json (window 1779363432357 .. 1779547032357)
2026-06-01 10:51:57,568 INFO [src_ground_truth.runner] On-chain classified deposits_trongrid_sideshift_2026.json (window filter active)
2026-06-01 10:51:57,568 INFO [src_ground_truth.runner] On-chain loaded: deposits=384 withdrawals=291
2026-06-01 10:51:57,571 INFO [ground_truth] DONE {'history_count': 1, 'history_original_count': 937, 'history_network_filter': 'tron-both', 'matched_h': 1, 'matched_deposit': 1, 'matched_settlement': 1, 'out_jsonl': 'ground-truth\\output\\ground_truth_sideshift_2026_tron_both.jsonl', 'out_json': 'ground-truth\\result\\ground_truth_sideshift_2026_tron_both.json', 'training_path': 'D:\\Blockchain\\DO_AN\\TRON-ICE\\ground-truth\\output\\training_pairs_sideshift_2026.jsonl', 'training_stats': {'positives': 1, 'negatives': 2}}
2026-06-01 10:51:58,375 INFO [src_ground_truth.runner] History records: 95 from D:\Blockchain\DO_AN\TRON-ICE\src\off-chain\output\sideshift_recent_deposits.jsonl (filter=tron-any, original=937)
2026-06-01 10:51:58,418 INFO [src_ground_truth.io] Stream-loaded 1161 txs from deposits_trongrid_sideshift_2026.json (window 1779350936428 .. 1780372537742)
2026-06-01 10:51:58,464 INFO [src_ground_truth.io] Stream-loaded 1364 txs from withdrawals_trongrid_sideshift_2026.json (window 1779350936428 .. 1780372537742)
2026-06-01 10:51:58,464 INFO [src_ground_truth.runner] On-chain classified deposits_trongrid_sideshift_2026.json (window filter active)
2026-06-01 10:51:58,464 INFO [src_ground_truth.runner] On-chain loaded: deposits=1161 withdrawals=1364
2026-06-01 10:51:58,478 INFO [src_ground_truth.runner] Matched progress 50/95
2026-06-01 10:51:58,497 INFO [ground_truth] DONE {'history_count': 95, 'history_original_count': 937, 'history_network_filter': 'tron-any', 'matched_h': 1, 'matched_deposit': 36, 'matched_settlement': 1, 'out_jsonl': 'ground-truth\\output\\ground_truth_sideshift_2026_tron_any.jsonl', 'out_json': 'ground-truth\\result\\ground_truth_sideshift_2026_tron_any.json'}
2026-06-01 10:54:08,952 INFO [src_ground_truth.runner] History records: 1 from D:\Blockchain\DO_AN\TRON-ICE\src\off-chain\output\sideshift_recent_deposits.jsonl (filter=tron-both, original=937)
2026-06-01 10:54:08,992 INFO [src_ground_truth.io] Stream-loaded 384 txs from deposits_trongrid_sideshift_2026.json (window 1779363432357 .. 1779547032357)
2026-06-01 10:54:09,034 INFO [src_ground_truth.io] Stream-loaded 291 txs from withdrawals_trongrid_sideshift_2026.json (window 1779363432357 .. 1779547032357)
2026-06-01 10:54:09,034 INFO [src_ground_truth.runner] On-chain classified deposits_trongrid_sideshift_2026.json (window filter active)
2026-06-01 10:54:09,035 INFO [src_ground_truth.runner] On-chain loaded: deposits=384 withdrawals=291
2026-06-01 10:54:09,038 INFO [ground_truth] DONE {'history_count': 1, 'history_original_count': 937, 'history_network_filter': 'tron-both', 'matched_h': 1, 'matched_deposit': 1, 'matched_settlement': 1, 'out_jsonl': 'ground-truth\\output\\ground_truth_sideshift_2026_tron_both.jsonl', 'out_json': 'ground-truth\\result\\ground_truth_sideshift_2026_tron_both.json', 'training_path': 'D:\\Blockchain\\DO_AN\\TRON-ICE\\ground-truth\\output\\training_pairs_sideshift_2026.jsonl', 'training_stats': {'positives': 1, 'negatives': 2}}
