2026-05-31 23:21:32,945 INFO [src_ground_truth.runner] History records: 447 from src\off-chain\output\sideshift_recent_deposits.jsonl
2026-05-31 23:21:33,185 INFO [src_ground_truth.io] Stream-loaded 0 txs from deposits_trongrid_fixedfloat_2025.json (window 1779346670531 .. 1780035779137)
2026-05-31 23:21:33,326 INFO [src_ground_truth.io] Stream-loaded 0 txs from withdrawals_trongrid_fixedfloat_2025.json (window 1779346670531 .. 1780035779137)
2026-05-31 23:21:33,326 INFO [src_ground_truth.runner] On-chain from classified (filtered=True): deposits_trongrid_fixedfloat_2025.json
2026-05-31 23:22:09,269 INFO [src_ground_truth.runner] History records: 447 from src\off-chain\output\sideshift_recent_deposits.jsonl
2026-05-31 23:22:09,468 INFO [src_ground_truth.io] Stream-loaded 0 txs from deposits_trongrid_fixedfloat_2025.json (window 1779346670531 .. 1780035779137)
2026-05-31 23:22:09,591 INFO [src_ground_truth.io] Stream-loaded 0 txs from withdrawals_trongrid_fixedfloat_2025.json (window 1779346670531 .. 1780035779137)
2026-05-31 23:22:09,591 INFO [src_ground_truth.runner] On-chain classified deposits_trongrid_fixedfloat_2025.json (window filter active)
2026-05-31 23:22:09,591 WARNING [src_ground_truth.runner] No on-chain txs in off-chain time window; retrying with calendar year 2025
2026-05-31 23:22:09,888 INFO [src_ground_truth.io] Stream-loaded 81328 txs from deposits_trongrid_fixedfloat_2025.json (window 1735689600000 .. 1767225599000)
2026-05-31 23:22:10,107 INFO [src_ground_truth.io] Stream-loaded 66267 txs from withdrawals_trongrid_fixedfloat_2025.json (window 1735689600000 .. 1767225599000)
2026-05-31 23:22:10,107 INFO [src_ground_truth.runner] On-chain classified deposits_trongrid_fixedfloat_2025.json (window filter active)
2026-05-31 23:22:10,107 INFO [src_ground_truth.runner] On-chain loaded: deposits=81328 withdrawals=66267
2026-05-31 23:22:10,146 INFO [src_ground_truth.runner] Matched progress 50/447
2026-05-31 23:22:10,155 INFO [src_ground_truth.runner] Matched progress 100/447
2026-05-31 23:22:10,164 INFO [src_ground_truth.runner] Matched progress 150/447
2026-05-31 23:22:10,174 INFO [src_ground_truth.runner] Matched progress 200/447
2026-05-31 23:22:10,182 INFO [src_ground_truth.runner] Matched progress 250/447
2026-05-31 23:22:10,190 INFO [src_ground_truth.runner] Matched progress 300/447
2026-05-31 23:22:10,200 INFO [src_ground_truth.runner] Matched progress 350/447
2026-05-31 23:22:10,208 INFO [src_ground_truth.runner] Matched progress 400/447
2026-05-31 23:22:39,509 INFO [src_ground_truth.runner] History records: 447 from src\off-chain\output\sideshift_recent_deposits.jsonl
2026-05-31 23:22:39,655 INFO [src_ground_truth.io] Stream-loaded 0 txs from deposits_trongrid_fixedfloat_2025.json (window 1779346670531 .. 1780035779137)
2026-05-31 23:22:39,768 INFO [src_ground_truth.io] Stream-loaded 0 txs from withdrawals_trongrid_fixedfloat_2025.json (window 1779346670531 .. 1780035779137)
2026-05-31 23:22:39,768 INFO [src_ground_truth.runner] On-chain classified deposits_trongrid_fixedfloat_2025.json (window filter active)
2026-05-31 23:22:39,768 WARNING [src_ground_truth.runner] No on-chain txs in off-chain time window; retrying with calendar year 2025
2026-05-31 23:22:40,039 INFO [src_ground_truth.io] Stream-loaded 81328 txs from deposits_trongrid_fixedfloat_2025.json (window 1735689600000 .. 1767225599000)
2026-05-31 23:22:40,231 INFO [src_ground_truth.io] Stream-loaded 66267 txs from withdrawals_trongrid_fixedfloat_2025.json (window 1735689600000 .. 1767225599000)
2026-05-31 23:22:40,231 INFO [src_ground_truth.runner] On-chain classified deposits_trongrid_fixedfloat_2025.json (window filter active)
2026-05-31 23:22:40,231 INFO [src_ground_truth.runner] On-chain loaded: deposits=81328 withdrawals=66267
2026-05-31 23:22:40,283 INFO [src_ground_truth.runner] Matched progress 50/447
2026-05-31 23:22:40,293 INFO [src_ground_truth.runner] Matched progress 100/447
2026-05-31 23:22:40,301 INFO [src_ground_truth.runner] Matched progress 150/447
2026-05-31 23:22:40,311 INFO [src_ground_truth.runner] Matched progress 200/447
2026-05-31 23:22:40,324 INFO [src_ground_truth.runner] Matched progress 250/447
2026-05-31 23:22:40,333 INFO [src_ground_truth.runner] Matched progress 300/447
2026-05-31 23:22:40,342 INFO [src_ground_truth.runner] Matched progress 350/447
2026-05-31 23:22:40,351 INFO [src_ground_truth.runner] Matched progress 400/447
2026-05-31 23:22:40,464 INFO [ground_truth] DONE {'history_count': 447, 'matched_h': 0, 'matched_deposit': 0, 'matched_settlement': 0, 'out_jsonl': 'D:\\Blockchain\\DO_AN\\TRON-ICE\\ground-truth\\output\\ground_truth_fixedfloat_2025.jsonl', 'out_json': 'D:\\Blockchain\\DO_AN\\TRON-ICE\\ground-truth\\result\\ground_truth_fixedfloat_2025.json', 'training_path': 'D:\\Blockchain\\DO_AN\\TRON-ICE\\ground-truth\\output\\training_pairs_fixedfloat_2025.jsonl', 'training_stats': {'positives': 0, 'negatives': 2}}
