🧵 [Thread 2] Started: 2024-04-01 to 2024-07-01
🧵 [Thread 1] Started: 2024-01-01 to 2024-04-01
🧵 [Thread 3] Started: 2024-07-01 to 2024-10-01
🧵 [Thread 4] Started: 2024-10-01 to 2024-12-31
   ↳ [Thread 3] Page 1 | Got 200 txs | Reached: 2024-07-02 15:49:09
   ↳ [Thread 2] Page 1 | Got 200 txs | Reached: 2024-04-01 20:34:00
   ↳ [Thread 4] Page 1 | Got 200 txs | Reached: 2024-10-02 03:32:06
   ↳ [Thread 1] Page 1 | Got 200 txs | Reached: 2024-01-01 23:37:30
   ↳ [Thread 2] Page 2 | Got 200 txs | Reached: 2024-04-02 04:14:39
   ↳ [Thread 4] Page 2 | Got 200 txs | Reached: 2024-10-02 20:45:36
   ↳ [Thread 1] Page 2 | Got 200 txs | Reached: 2024-01-02 20:25:12
   ↳ [Thread 3] Page 2 | Got 200 txs | Reached: 2024-07-02 15:49:18
🛑 [Thread 3] Stopped early! Collected 1600 txs.
   ↳ [Thread 2] Page 3 | Got 200 txs | Reached: 2024-04-02 16:56:42
   ↳ [Thread 4] Page 3 | Got 200 txs | Reached: 2024-10-03 05:32:45
🛑 [Thread 2] Stopped early! Collected 2000 txs.
   ↳ [Thread 1] Page 3 | Got 200 txs | Reached: 2024-01-03 07:57:54
🛑 [Thread 4] Stopped early! Collected 2200 txs.
🛑 [Thread 1] Stopped early! Collected 2200 txs.
🧵 [Task 1] Started: 2024-01-01 to 2024-01-01
🧵 [Task 2] Started: 2024-01-02 to 2024-01-02
🧵 [Task 3] Started: 2024-01-03 to 2024-01-03
🧵 [Task 4] Started: 2024-01-04 to 2024-01-04
   ↳ [Task 2] Page 1 | Got 200 txs | Reached: 2024-01-02 20:34:06
   ↳ [Task 3] Page 1 | Got 200 txs | Reached: 2024-01-03 13:50:09
   ↳ [Task 2] Page 2 | Got 51 txs | Reached: 2024-01-02 23:56:12
✅ [Task 2] Finished 2024-01-02! Collected 251 txs.
🧵 [Task 5] Started: 2024-01-05 to 2024-01-05
   ↳ [Task 1] Page 1 | Got 200 txs | Reached: 2024-01-01 23:37:30
   ↳ [Task 4] Page 1 | Got 200 txs | Reached: 2024-01-04 14:14:18
   ↳ [Task 1] Page 2 | Got 6 txs | Reached: 2024-01-01 23:58:15
✅ [Task 1] Finished 2024-01-01! Collected 206 txs.
🧵 [Task 6] Started: 2024-01-06 to 2024-01-06
   ↳ [Task 5] Page 1 | Got 200 txs | Reached: 2024-01-05 06:18:15
   ↳ [Task 3] Page 2 | Got 162 txs | Reached: 2024-01-03 23:53:21
✅ [Task 3] Finished 2024-01-03! Collected 362 txs.
🧵 [Task 7] Started: 2024-01-07 to 2024-01-07
   ↳ [Task 6] Page 1 | Got 200 txs | Reached: 2024-01-06 17:54:57
   ↳ [Task 4] Page 2 | Got 200 txs | Reached: 2024-01-04 14:34:12
   ↳ [Task 7] Page 1 | Got 200 txs | Reached: 2024-01-07 20:10:00
   ↳ [Task 5] Page 2 | Got 200 txs | Reached: 2024-01-05 15:18:21
   ↳ [Task 7] Page 2 | Got 55 txs | Reached: 2024-01-07 23:54:21
✅ [Task 7] Finished 2024-01-07! Collected 255 txs.
🧵 [Task 8] Started: 2024-01-08 to 2024-01-08
   ↳ [Task 6] Page 2 | Got 94 txs | Reached: 2024-01-06 23:58:06
✅ [Task 6] Finished 2024-01-06! Collected 294 txs.
🧵 [Task 9] Started: 2024-01-09 to 2024-01-09
   ↳ [Task 4] Page 3 | Got 200 txs | Reached: 2024-01-04 21:26:54
   ↳ [Task 8] Page 1 | Got 200 txs | Reached: 2024-01-08 19:22:12
   ↳ [Task 5] Page 3 | Got 200 txs | Reached: 2024-01-05 23:20:57
   ↳ [Task 9] Page 1 | Got 200 txs | Reached: 2024-01-09 05:43:51
   ↳ [Task 4] Page 4 | Got 86 txs | Reached: 2024-01-04 23:59:57
✅ [Task 4] Finished 2024-01-04! Collected 686 txs.
🧵 [Task 10] Started: 2024-01-10 to 2024-01-10
   ↳ [Task 5] Page 4 | Got 42 txs | Reached: 2024-01-05 23:59:54
✅ [Task 5] Finished 2024-01-05! Collected 642 txs.
🧵 [Task 11] Started: 2024-01-11 to 2024-01-11
   ↳ [Task 8] Page 2 | Got 200 txs | Reached: 2024-01-08 22:01:48
   ↳ [Task 10] Page 1 | Got 200 txs | Reached: 2024-01-10 15:16:09
   ↳ [Task 9] Page 2 | Got 200 txs | Reached: 2024-01-09 23:25:39
   ↳ [Task 11] Page 1 | Got 200 txs | Reached: 2024-01-11 07:31:09
   ↳ [Task 9] Page 3 | Got 18 txs | Reached: 2024-01-09 23:53:45
✅ [Task 9] Finished 2024-01-09! Collected 418 txs.
🧵 [Task 12] Started: 2024-01-12 to 2024-01-12
   ↳ [Task 8] Page 3 | Got 51 txs | Reached: 2024-01-08 23:57:24
✅ [Task 8] Finished 2024-01-08! Collected 451 txs.
🧵 [Task 13] Started: 2024-01-13 to 2024-01-13
   ↳ [Task 10] Page 2 | Got 200 txs | Reached: 2024-01-10 21:44:21
   ↳ [Task 11] Page 2 | Got 200 txs | Reached: 2024-01-11 20:10:12
   ↳ [Task 12] Page 1 | Got 200 txs | Reached: 2024-01-12 16:01:45
   ↳ [Task 13] Page 1 | Got 200 txs | Reached: 2024-01-13 06:27:24
   ↳ [Task 10] Page 3 | Got 74 txs | Reached: 2024-01-10 23:57:54
✅ [Task 10] Finished 2024-01-10! Collected 474 txs.
🧵 [Task 14] Started: 2024-01-14 to 2024-01-14
   ↳ [Task 11] Page 3 | Got 45 txs | Reached: 2024-01-11 23:48:27
✅ [Task 11] Finished 2024-01-11! Collected 445 txs.
🧵 [Task 15] Started: 2024-01-15 to 2024-01-15
   ↳ [Task 12] Page 2 | Got 195 txs | Reached: 2024-01-12 23:55:48
✅ [Task 12] Finished 2024-01-12! Collected 395 txs.
🧵 [Task 16] Started: 2024-01-16 to 2024-01-16
   ↳ [Task 14] Page 1 | Got 200 txs | Reached: 2024-01-14 18:40:03
   ↳ [Task 15] Page 1 | Got 200 txs | Reached: 2024-01-15 16:36:18
   ↳ [Task 13] Page 2 | Got 200 txs | Reached: 2024-01-13 20:48:00
   ↳ [Task 14] Page 2 | Got 45 txs | Reached: 2024-01-14 23:53:39
✅ [Task 14] Finished 2024-01-14! Collected 245 txs.
🧵 [Task 17] Started: 2024-01-17 to 2024-01-17
   ↳ [Task 16] Page 1 | Got 200 txs | Reached: 2024-01-16 02:45:57
   ↳ [Task 13] Page 3 | Got 42 txs | Reached: 2024-01-13 23:57:12
✅ [Task 13] Finished 2024-01-13! Collected 442 txs.
🧵 [Task 18] Started: 2024-01-18 to 2024-01-18
   ↳ [Task 15] Page 2 | Got 151 txs | Reached: 2024-01-15 23:52:42
✅ [Task 15] Finished 2024-01-15! Collected 351 txs.
🧵 [Task 19] Started: 2024-01-19 to 2024-01-19
   ↳ [Task 17] Page 1 | Got 200 txs | Reached: 2024-01-17 12:43:18
   ↳ [Task 18] Page 1 | Got 200 txs | Reached: 2024-01-18 13:59:21
   ↳ [Task 16] Page 2 | Got 200 txs | Reached: 2024-01-16 11:21:42
   ↳ [Task 19] Page 1 | Got 200 txs | Reached: 2024-01-19 20:28:15
   ↳ [Task 19] Page 2 | Got 56 txs | Reached: 2024-01-19 23:57:51
✅ [Task 19] Finished 2024-01-19! Collected 256 txs.
🧵 [Task 20] Started: 2024-01-20 to 2024-01-20
   ↳ [Task 18] Page 2 | Got 165 txs | Reached: 2024-01-18 23:41:18
✅ [Task 18] Finished 2024-01-18! Collected 365 txs.
🧵 [Task 21] Started: 2024-01-21 to 2024-01-21
   ↳ [Task 17] Page 2 | Got 200 txs | Reached: 2024-01-17 23:55:54
   ↳ [Task 17] Page 3 | Got 3 txs | Reached: 2024-01-17 23:56:48
✅ [Task 17] Finished 2024-01-17! Collected 403 txs.
🧵 [Task 22] Started: 2024-01-22 to 2024-01-22
   ↳ [Task 16] Page 3 | Got 200 txs | Reached: 2024-01-16 22:40:00
   ↳ [Task 20] Page 1 | Got 200 txs | Reached: 2024-01-20 19:48:36
   ↳ [Task 16] Page 4 | Got 21 txs | Reached: 2024-01-16 23:51:54
✅ [Task 16] Finished 2024-01-16! Collected 621 txs.
🧵 [Task 23] Started: 2024-01-23 to 2024-01-23
   ↳ [Task 21] Page 1 | Got 200 txs | Reached: 2024-01-21 22:17:36
   ↳ [Task 22] Page 1 | Got 200 txs | Reached: 2024-01-22 19:59:06
   ↳ [Task 20] Page 2 | Got 51 txs | Reached: 2024-01-20 23:52:30
✅ [Task 20] Finished 2024-01-20! Collected 251 txs.
🧵 [Task 24] Started: 2024-01-24 to 2024-01-24
   ↳ [Task 21] Page 2 | Got 23 txs | Reached: 2024-01-21 23:48:48
✅ [Task 21] Finished 2024-01-21! Collected 223 txs.
🧵 [Task 25] Started: 2024-01-25 to 2024-01-25
   ↳ [Task 22] Page 2 | Got 62 txs | Reached: 2024-01-22 23:57:54
✅ [Task 22] Finished 2024-01-22! Collected 262 txs.
🧵 [Task 26] Started: 2024-01-26 to 2024-01-26
   ↳ [Task 23] Page 1 | Got 200 txs | Reached: 2024-01-23 16:11:39
   ↳ [Task 24] Page 1 | Got 200 txs | Reached: 2024-01-24 10:57:12
   ↳ [Task 25] Page 1 | Got 200 txs | Reached: 2024-01-25 14:24:00
   ↳ [Task 26] Page 1 | Got 200 txs | Reached: 2024-01-26 16:14:12
   ↳ [Task 23] Page 2 | Got 200 txs | Reached: 2024-01-23 21:05:45
   ↳ [Task 25] Page 2 | Got 182 txs | Reached: 2024-01-25 23:59:48
✅ [Task 25] Finished 2024-01-25! Collected 382 txs.
🧵 [Task 27] Started: 2024-01-27 to 2024-01-27
   ↳ [Task 26] Page 2 | Got 82 txs | Reached: 2024-01-26 23:56:15
✅ [Task 26] Finished 2024-01-26! Collected 282 txs.
🧵 [Task 28] Started: 2024-01-28 to 2024-01-28
   ↳ [Task 24] Page 2 | Got 200 txs | Reached: 2024-01-24 19:19:42
   ↳ [Task 23] Page 3 | Got 112 txs | Reached: 2024-01-23 23:53:06
✅ [Task 23] Finished 2024-01-23! Collected 512 txs.
🧵 [Task 29] Started: 2024-01-29 to 2024-01-29
   ↳ [Task 24] Page 3 | Got 74 txs | Reached: 2024-01-24 23:41:30
✅ [Task 24] Finished 2024-01-24! Collected 474 txs.
🧵 [Task 30] Started: 2024-01-30 to 2024-01-30
   ↳ [Task 27] Page 1 | Got 200 txs | Reached: 2024-01-27 18:31:27
   ↳ [Task 28] Page 1 | Got 200 txs | Reached: 2024-01-28 20:43:09
   ↳ [Task 29] Page 1 | Got 200 txs | Reached: 2024-01-29 10:52:27
   ↳ [Task 28] Page 2 | Got 32 txs | Reached: 2024-01-28 23:17:48
✅ [Task 28] Finished 2024-01-28! Collected 232 txs.
🧵 [Task 31] Started: 2024-01-31 to 2024-01-31
   ↳ [Task 27] Page 2 | Got 78 txs | Reached: 2024-01-27 23:54:51
✅ [Task 27] Finished 2024-01-27! Collected 278 txs.
🧵 [Task 32] Started: 2024-02-01 to 2024-02-01
   ↳ [Task 30] Page 1 | Got 200 txs | Reached: 2024-01-30 16:50:00
   ↳ [Task 29] Page 2 | Got 150 txs | Reached: 2024-01-29 23:55:06
✅ [Task 29] Finished 2024-01-29! Collected 350 txs.
🧵 [Task 33] Started: 2024-02-02 to 2024-02-02
   ↳ [Task 32] Page 1 | Got 200 txs | Reached: 2024-02-01 15:10:09
   ↳ [Task 31] Page 1 | Got 200 txs | Reached: 2024-01-31 17:15:12
   ↳ [Task 30] Page 2 | Got 135 txs | Reached: 2024-01-30 23:57:12
✅ [Task 30] Finished 2024-01-30! Collected 335 txs.
🧵 [Task 34] Started: 2024-02-03 to 2024-02-03
   ↳ [Task 33] Page 1 | Got 189 txs | Reached: 2024-02-02 23:51:00
✅ [Task 33] Finished 2024-02-02! Collected 189 txs.
🧵 [Task 35] Started: 2024-02-04 to 2024-02-04
   ↳ [Task 31] Page 2 | Got 65 txs | Reached: 2024-01-31 23:49:15
✅ [Task 31] Finished 2024-01-31! Collected 265 txs.
🧵 [Task 36] Started: 2024-02-05 to 2024-02-05
   ↳ [Task 32] Page 2 | Got 108 txs | Reached: 2024-02-01 23:58:03
✅ [Task 32] Finished 2024-02-01! Collected 308 txs.
🧵 [Task 37] Started: 2024-02-06 to 2024-02-06
   ↳ [Task 34] Page 1 | Got 153 txs | Reached: 2024-02-03 23:39:51
✅ [Task 34] Finished 2024-02-03! Collected 153 txs.
🧵 [Task 38] Started: 2024-02-07 to 2024-02-07
   ↳ [Task 35] Page 1 | Got 169 txs | Reached: 2024-02-04 23:46:21
✅ [Task 35] Finished 2024-02-04! Collected 169 txs.
🧵 [Task 39] Started: 2024-02-08 to 2024-02-08
   ↳ [Task 36] Page 1 | Got 200 txs | Reached: 2024-02-05 14:44:48
   ↳ [Task 37] Page 1 | Got 200 txs | Reached: 2024-02-06 18:54:51
   ↳ [Task 38] Page 1 | Got 200 txs | Reached: 2024-02-07 17:38:21
   ↳ [Task 39] Page 1 | Got 200 txs | Reached: 2024-02-08 19:48:18
   ↳ [Task 37] Page 2 | Got 58 txs | Reached: 2024-02-06 23:55:33
✅ [Task 37] Finished 2024-02-06! Collected 258 txs.
🧵 [Task 40] Started: 2024-02-09 to 2024-02-09
   ↳ [Task 38] Page 2 | Got 70 txs | Reached: 2024-02-07 23:59:42
✅ [Task 38] Finished 2024-02-07! Collected 270 txs.
🧵 [Task 41] Started: 2024-02-10 to 2024-02-10
   ↳ [Task 36] Page 2 | Got 200 txs | Reached: 2024-02-05 23:07:54
   ↳ [Task 39] Page 2 | Got 53 txs | Reached: 2024-02-08 23:58:39
✅ [Task 39] Finished 2024-02-08! Collected 253 txs.
🧵 [Task 42] Started: 2024-02-11 to 2024-02-11
   ↳ [Task 36] Page 3 | Got 7 txs | Reached: 2024-02-05 23:54:00
✅ [Task 36] Finished 2024-02-05! Collected 407 txs.
🧵 [Task 43] Started: 2024-02-12 to 2024-02-12
   ↳ [Task 40] Page 1 | Got 200 txs | Reached: 2024-02-09 18:48:27
   ↳ [Task 41] Page 1 | Got 174 txs | Reached: 2024-02-10 23:51:12
✅ [Task 41] Finished 2024-02-10! Collected 174 txs.
🧵 [Task 44] Started: 2024-02-13 to 2024-02-13
   ↳ [Task 42] Page 1 | Got 152 txs | Reached: 2024-02-11 23:49:06
✅ [Task 42] Finished 2024-02-11! Collected 152 txs.
🧵 [Task 45] Started: 2024-02-14 to 2024-02-14
   ↳ [Task 40] Page 2 | Got 47 txs | Reached: 2024-02-09 23:38:48
✅ [Task 40] Finished 2024-02-09! Collected 247 txs.
🧵 [Task 46] Started: 2024-02-15 to 2024-02-15
   ↳ [Task 43] Page 1 | Got 200 txs | Reached: 2024-02-12 15:44:42
   ↳ [Task 45] Page 1 | Got 200 txs | Reached: 2024-02-14 17:35:27
   ↳ [Task 44] Page 1 | Got 198 txs | Reached: 2024-02-13 23:55:24
✅ [Task 44] Finished 2024-02-13! Collected 198 txs.
🧵 [Task 47] Started: 2024-02-16 to 2024-02-16
   ↳ [Task 46] Page 1 | Got 160 txs | Reached: 2024-02-15 23:52:36
✅ [Task 46] Finished 2024-02-15! Collected 160 txs.
🧵 [Task 48] Started: 2024-02-17 to 2024-02-17
   ↳ [Task 43] Page 2 | Got 143 txs | Reached: 2024-02-12 23:59:33
✅ [Task 43] Finished 2024-02-12! Collected 343 txs.
🧵 [Task 49] Started: 2024-02-18 to 2024-02-18
   ↳ [Task 45] Page 2 | Got 63 txs | Reached: 2024-02-14 23:57:57
✅ [Task 45] Finished 2024-02-14! Collected 263 txs.
🧵 [Task 50] Started: 2024-02-19 to 2024-02-19
   ↳ [Task 47] Page 1 | Got 200 txs | Reached: 2024-02-16 20:07:54
   ↳ [Task 48] Page 1 | Got 200 txs | Reached: 2024-02-17 13:16:12
   ↳ [Task 47] Page 2 | Got 58 txs | Reached: 2024-02-16 23:59:03
✅ [Task 47] Finished 2024-02-16! Collected 258 txs.
🧵 [Task 51] Started: 2024-02-20 to 2024-02-20
   ↳ [Task 50] Page 1 | Got 200 txs | Reached: 2024-02-19 23:29:00
   ↳ [Task 49] Page 1 | Got 186 txs | Reached: 2024-02-18 23:54:24
✅ [Task 49] Finished 2024-02-18! Collected 186 txs.
🧵 [Task 52] Started: 2024-02-21 to 2024-02-21
   ↳ [Task 50] Page 2 | Got 12 txs | Reached: 2024-02-19 23:59:36
✅ [Task 50] Finished 2024-02-19! Collected 212 txs.
🧵 [Task 53] Started: 2024-02-22 to 2024-02-22
   ↳ [Task 48] Page 2 | Got 118 txs | Reached: 2024-02-17 23:51:15
✅ [Task 48] Finished 2024-02-17! Collected 318 txs.
🧵 [Task 54] Started: 2024-02-23 to 2024-02-23
   ↳ [Task 52] Page 1 | Got 200 txs | Reached: 2024-02-21 15:21:30
   ↳ [Task 51] Page 1 | Got 200 txs | Reached: 2024-02-20 12:05:09
   ↳ [Task 53] Page 1 | Got 200 txs | Reached: 2024-02-22 16:20:15
   ↳ [Task 54] Page 1 | Got 200 txs | Reached: 2024-02-23 14:59:12
   ↳ [Task 52] Page 2 | Got 200 txs | Reached: 2024-02-21 21:55:09
   ↳ [Task 51] Page 2 | Got 200 txs | Reached: 2024-02-20 21:11:51
   ↳ [Task 52] Page 3 | Got 29 txs | Reached: 2024-02-21 23:53:36
✅ [Task 52] Finished 2024-02-21! Collected 429 txs.
🧵 [Task 55] Started: 2024-02-24 to 2024-02-24
   ↳ [Task 51] Page 3 | Got 54 txs | Reached: 2024-02-20 23:54:15
✅ [Task 51] Finished 2024-02-20! Collected 454 txs.
🧵 [Task 56] Started: 2024-02-25 to 2024-02-25
   ↳ [Task 53] Page 2 | Got 200 txs | Reached: 2024-02-22 21:51:30
   ↳ [Task 54] Page 2 | Got 168 txs | Reached: 2024-02-23 23:35:09
✅ [Task 54] Finished 2024-02-23! Collected 368 txs.
🧵 [Task 57] Started: 2024-02-26 to 2024-02-26
   ↳ [Task 53] Page 3 | Got 55 txs | Reached: 2024-02-22 23:57:03
✅ [Task 53] Finished 2024-02-22! Collected 455 txs.
🧵 [Task 58] Started: 2024-02-27 to 2024-02-27
   ↳ [Task 55] Page 1 | Got 200 txs | Reached: 2024-02-24 19:55:06
   ↳ [Task 56] Page 1 | Got 200 txs | Reached: 2024-02-25 19:05:21
   ↳ [Task 57] Page 1 | Got 200 txs | Reached: 2024-02-26 21:47:48
   ↳ [Task 56] Page 2 | Got 64 txs | Reached: 2024-02-25 23:58:51
✅ [Task 56] Finished 2024-02-25! Collected 264 txs.
🧵 [Task 59] Started: 2024-02-28 to 2024-02-28
   ↳ [Task 58] Page 1 | Got 200 txs | Reached: 2024-02-27 18:18:30
   ↳ [Task 57] Page 2 | Got 35 txs | Reached: 2024-02-26 23:58:03
✅ [Task 57] Finished 2024-02-26! Collected 235 txs.
🧵 [Task 60] Started: 2024-02-29 to 2024-02-29
   ↳ [Task 55] Page 2 | Got 91 txs | Reached: 2024-02-24 23:59:00
✅ [Task 55] Finished 2024-02-24! Collected 291 txs.
🧵 [Task 61] Started: 2024-03-01 to 2024-03-01
   ↳ [Task 59] Page 1 | Got 200 txs | Reached: 2024-02-28 08:51:33
   ↳ [Task 60] Page 1 | Got 200 txs | Reached: 2024-02-29 14:28:54
   ↳ [Task 61] Page 1 | Got 200 txs | Reached: 2024-03-01 08:27:48
   ↳ [Task 58] Page 2 | Got 151 txs | Reached: 2024-02-27 23:57:15
✅ [Task 58] Finished 2024-02-27! Collected 351 txs.
🧵 [Task 62] Started: 2024-03-02 to 2024-03-02
   ↳ [Task 60] Page 2 | Got 200 txs | Reached: 2024-02-29 21:02:15
   ↳ [Task 59] Page 2 | Got 200 txs | Reached: 2024-02-28 19:14:15
   ↳ [Task 62] Page 1 | Got 200 txs | Reached: 2024-03-02 14:57:15
   ↳ [Task 60] Page 3 | Got 36 txs | Reached: 2024-02-29 23:54:54
✅ [Task 60] Finished 2024-02-29! Collected 436 txs.
🧵 [Task 63] Started: 2024-03-03 to 2024-03-03
   ↳ [Task 61] Page 2 | Got 200 txs | Reached: 2024-03-01 21:04:15
   ↳ [Task 59] Page 3 | Got 103 txs | Reached: 2024-02-28 23:57:42
✅ [Task 59] Finished 2024-02-28! Collected 503 txs.
🧵 [Task 64] Started: 2024-03-04 to 2024-03-04
   ↳ [Task 61] Page 3 | Got 85 txs | Reached: 2024-03-01 23:56:21
✅ [Task 61] Finished 2024-03-01! Collected 485 txs.
🧵 [Task 65] Started: 2024-03-05 to 2024-03-05
   ↳ [Task 63] Page 1 | Got 200 txs | Reached: 2024-03-03 17:03:54
   ↳ [Task 62] Page 2 | Got 200 txs | Reached: 2024-03-02 22:00:30
   ↳ [Task 64] Page 1 | Got 200 txs | Reached: 2024-03-04 17:33:24
   ↳ [Task 62] Page 3 | Got 38 txs | Reached: 2024-03-02 23:58:39
✅ [Task 62] Finished 2024-03-02! Collected 438 txs.
🧵 [Task 66] Started: 2024-03-06 to 2024-03-06
   ↳ [Task 63] Page 2 | Got 98 txs | Reached: 2024-03-03 23:59:12
✅ [Task 63] Finished 2024-03-03! Collected 298 txs.
🧵 [Task 67] Started: 2024-03-07 to 2024-03-07
   ↳ [Task 65] Page 1 | Got 200 txs | Reached: 2024-03-05 06:41:18
   ↳ [Task 64] Page 2 | Got 195 txs | Reached: 2024-03-04 23:43:45
✅ [Task 64] Finished 2024-03-04! Collected 395 txs.
🧵 [Task 68] Started: 2024-03-08 to 2024-03-08
   ↳ [Task 67] Page 1 | Got 200 txs | Reached: 2024-03-07 22:49:39
   ↳ [Task 66] Page 1 | Got 200 txs | Reached: 2024-03-06 21:48:27
   ↳ [Task 65] Page 2 | Got 200 txs | Reached: 2024-03-05 17:33:18
   ↳ [Task 66] Page 2 | Got 27 txs | Reached: 2024-03-06 23:51:21
✅ [Task 66] Finished 2024-03-06! Collected 227 txs.
🧵 [Task 69] Started: 2024-03-09 to 2024-03-09
   ↳ [Task 68] Page 1 | Got 200 txs | Reached: 2024-03-08 06:46:30
   ↳ [Task 67] Page 2 | Got 84 txs | Reached: 2024-03-07 23:56:06
✅ [Task 67] Finished 2024-03-07! Collected 284 txs.
🧵 [Task 70] Started: 2024-03-10 to 2024-03-10
   ↳ [Task 65] Page 3 | Got 165 txs | Reached: 2024-03-05 23:53:48
✅ [Task 65] Finished 2024-03-05! Collected 565 txs.
🧵 [Task 71] Started: 2024-03-11 to 2024-03-11
   ↳ [Task 69] Page 1 | Got 187 txs | Reached: 2024-03-09 23:46:33
✅ [Task 69] Finished 2024-03-09! Collected 187 txs.
🧵 [Task 72] Started: 2024-03-12 to 2024-03-12
   ↳ [Task 70] Page 1 | Got 200 txs | Reached: 2024-03-10 18:48:00
   ↳ [Task 68] Page 2 | Got 200 txs | Reached: 2024-03-08 20:52:45
   ↳ [Task 72] Page 1 | Got 200 txs | Reached: 2024-03-12 12:09:21
   ↳ [Task 71] Page 1 | Got 200 txs | Reached: 2024-03-11 20:27:45
   ↳ [Task 68] Page 3 | Got 28 txs | Reached: 2024-03-08 23:27:39
✅ [Task 68] Finished 2024-03-08! Collected 428 txs.
🧵 [Task 73] Started: 2024-03-13 to 2024-03-13
   ↳ [Task 70] Page 2 | Got 101 txs | Reached: 2024-03-10 23:50:51
✅ [Task 70] Finished 2024-03-10! Collected 301 txs.
🧵 [Task 74] Started: 2024-03-14 to 2024-03-14
   ↳ [Task 71] Page 2 | Got 52 txs | Reached: 2024-03-11 23:55:54
✅ [Task 71] Finished 2024-03-11! Collected 252 txs.
🧵 [Task 75] Started: 2024-03-15 to 2024-03-15
   ↳ [Task 73] Page 1 | Got 200 txs | Reached: 2024-03-13 18:19:21
   ↳ [Task 74] Page 1 | Got 200 txs | Reached: 2024-03-14 15:55:39
   ↳ [Task 72] Page 2 | Got 196 txs | Reached: 2024-03-12 23:44:36
✅ [Task 72] Finished 2024-03-12! Collected 396 txs.
🧵 [Task 76] Started: 2024-03-16 to 2024-03-16
   ↳ [Task 75] Page 1 | Got 200 txs | Reached: 2024-03-15 17:50:00
   ↳ [Task 73] Page 2 | Got 115 txs | Reached: 2024-03-13 23:53:03
✅ [Task 73] Finished 2024-03-13! Collected 315 txs.
🧵 [Task 77] Started: 2024-03-17 to 2024-03-17
   ↳ [Task 74] Page 2 | Got 139 txs | Reached: 2024-03-14 23:43:39
✅ [Task 74] Finished 2024-03-14! Collected 339 txs.
🧵 [Task 78] Started: 2024-03-18 to 2024-03-18
   ↳ [Task 75] Page 2 | Got 83 txs | Reached: 2024-03-15 23:52:54
✅ [Task 75] Finished 2024-03-15! Collected 283 txs.
🧵 [Task 79] Started: 2024-03-19 to 2024-03-19
   ↳ [Task 76] Page 1 | Got 200 txs | Reached: 2024-03-16 23:52:21
   ↳ [Task 76] Page 2 | Got 1 txs | Reached: 2024-03-16 23:54:54
✅ [Task 76] Finished 2024-03-16! Collected 201 txs.
🧵 [Task 80] Started: 2024-03-20 to 2024-03-20
   ↳ [Task 77] Page 1 | Got 200 txs | Reached: 2024-03-17 16:23:09
   ↳ [Task 78] Page 1 | Got 200 txs | Reached: 2024-03-18 16:05:24
   ↳ [Task 79] Page 1 | Got 200 txs | Reached: 2024-03-19 16:13:30
   ↳ [Task 80] Page 1 | Got 200 txs | Reached: 2024-03-20 20:35:51
   ↳ [Task 77] Page 2 | Got 137 txs | Reached: 2024-03-17 23:47:15
✅ [Task 77] Finished 2024-03-17! Collected 337 txs.
🧵 [Task 81] Started: 2024-03-21 to 2024-03-21
   ↳ [Task 78] Page 2 | Got 88 txs | Reached: 2024-03-18 23:53:42
✅ [Task 78] Finished 2024-03-18! Collected 288 txs.
🧵 [Task 82] Started: 2024-03-22 to 2024-03-22
   ↳ [Task 79] Page 2 | Got 113 txs | Reached: 2024-03-19 23:52:09
✅ [Task 79] Finished 2024-03-19! Collected 313 txs.
🧵 [Task 83] Started: 2024-03-23 to 2024-03-23
   ↳ [Task 80] Page 2 | Got 33 txs | Reached: 2024-03-20 23:59:00
✅ [Task 80] Finished 2024-03-20! Collected 233 txs.
🧵 [Task 84] Started: 2024-03-24 to 2024-03-24
   ↳ [Task 81] Page 1 | Got 200 txs | Reached: 2024-03-21 13:49:33
   ↳ [Task 83] Page 1 | Got 186 txs | Reached: 2024-03-23 23:47:33
✅ [Task 83] Finished 2024-03-23! Collected 186 txs.
🧵 [Task 85] Started: 2024-03-25 to 2024-03-25
   ↳ [Task 82] Page 1 | Got 200 txs | Reached: 2024-03-22 14:16:39
   ↳ [Task 84] Page 1 | Got 200 txs | Reached: 2024-03-24 18:42:57
   ↳ [Task 85] Page 1 | Got 200 txs | Reached: 2024-03-25 21:35:51
   ↳ [Task 84] Page 2 | Got 128 txs | Reached: 2024-03-24 23:57:57
✅ [Task 84] Finished 2024-03-24! Collected 328 txs.
🧵 [Task 86] Started: 2024-03-26 to 2024-03-26
   ↳ [Task 82] Page 2 | Got 154 txs | Reached: 2024-03-22 23:58:39
✅ [Task 82] Finished 2024-03-22! Collected 354 txs.
🧵 [Task 87] Started: 2024-03-27 to 2024-03-27
   ↳ [Task 81] Page 2 | Got 200 txs | Reached: 2024-03-21 21:57:00
   ↳ [Task 85] Page 2 | Got 53 txs | Reached: 2024-03-25 23:55:57
✅ [Task 85] Finished 2024-03-25! Collected 253 txs.
🧵 [Task 88] Started: 2024-03-28 to 2024-03-28
   ↳ [Task 81] Page 3 | Got 43 txs | Reached: 2024-03-21 23:55:21
✅ [Task 81] Finished 2024-03-21! Collected 443 txs.
🧵 [Task 89] Started: 2024-03-29 to 2024-03-29
   ↳ [Task 86] Page 1 | Got 200 txs | Reached: 2024-03-26 11:42:18
   ↳ [Task 87] Page 1 | Got 200 txs | Reached: 2024-03-27 13:47:27
   ↳ [Task 89] Page 1 | Got 200 txs | Reached: 2024-03-29 20:18:12
   ↳ [Task 88] Page 1 | Got 200 txs | Reached: 2024-03-28 16:19:42
   ↳ [Task 87] Page 2 | Got 156 txs | Reached: 2024-03-27 23:57:00
✅ [Task 87] Finished 2024-03-27! Collected 356 txs.
🧵 [Task 90] Started: 2024-03-30 to 2024-03-30
   ↳ [Task 86] Page 2 | Got 150 txs | Reached: 2024-03-26 23:57:15
✅ [Task 86] Finished 2024-03-26! Collected 350 txs.
🧵 [Task 91] Started: 2024-03-31 to 2024-03-31
   ↳ [Task 89] Page 2 | Got 82 txs | Reached: 2024-03-29 23:58:15
✅ [Task 89] Finished 2024-03-29! Collected 282 txs.
🧵 [Task 92] Started: 2024-04-01 to 2024-04-01
   ↳ [Task 88] Page 2 | Got 111 txs | Reached: 2024-03-28 23:48:24
✅ [Task 88] Finished 2024-03-28! Collected 311 txs.
🧵 [Task 93] Started: 2024-04-02 to 2024-04-02
   ↳ [Task 90] Page 1 | Got 194 txs | Reached: 2024-03-30 23:56:27
✅ [Task 90] Finished 2024-03-30! Collected 194 txs.
🧵 [Task 94] Started: 2024-04-03 to 2024-04-03
   ↳ [Task 91] Page 1 | Got 200 txs | Reached: 2024-03-31 22:53:48
   ↳ [Task 92] Page 1 | Got 200 txs | Reached: 2024-04-01 17:27:45
   ↳ [Task 91] Page 2 | Got 8 txs | Reached: 2024-03-31 23:52:24
✅ [Task 91] Finished 2024-03-31! Collected 208 txs.
🧵 [Task 95] Started: 2024-04-04 to 2024-04-04
   ↳ [Task 93] Page 1 | Got 200 txs | Reached: 2024-04-02 09:06:54
   ↳ [Task 92] Page 2 | Got 190 txs | Reached: 2024-04-01 23:50:57
✅ [Task 92] Finished 2024-04-01! Collected 390 txs.
🧵 [Task 96] Started: 2024-04-05 to 2024-04-05
   ↳ [Task 94] Page 1 | Got 200 txs | Reached: 2024-04-03 17:23:06
   ↳ [Task 95] Page 1 | Got 200 txs | Reached: 2024-04-04 14:06:42
   ↳ [Task 96] Page 1 | Got 200 txs | Reached: 2024-04-05 16:12:09
   ↳ [Task 93] Page 2 | Got 200 txs | Reached: 2024-04-02 22:01:09
   ↳ [Task 94] Page 2 | Got 200 txs | Reached: 2024-04-03 23:44:12
   ↳ [Task 93] Page 3 | Got 21 txs | Reached: 2024-04-02 23:46:27
✅ [Task 93] Finished 2024-04-02! Collected 421 txs.
🧵 [Task 97] Started: 2024-04-06 to 2024-04-06
   ↳ [Task 95] Page 2 | Got 186 txs | Reached: 2024-04-04 23:41:27
✅ [Task 95] Finished 2024-04-04! Collected 386 txs.
🧵 [Task 98] Started: 2024-04-07 to 2024-04-07
   ↳ [Task 94] Page 3 | Got 6 txs | Reached: 2024-04-03 23:58:36
✅ [Task 94] Finished 2024-04-03! Collected 406 txs.
🧵 [Task 99] Started: 2024-04-08 to 2024-04-08
   ↳ [Task 96] Page 2 | Got 155 txs | Reached: 2024-04-05 23:53:36
✅ [Task 96] Finished 2024-04-05! Collected 355 txs.
🧵 [Task 100] Started: 2024-04-09 to 2024-04-09
   ↳ [Task 97] Page 1 | Got 200 txs | Reached: 2024-04-06 18:55:30
   ↳ [Task 98] Page 1 | Got 200 txs | Reached: 2024-04-07 17:50:39
   ↳ [Task 99] Page 1 | Got 200 txs | Reached: 2024-04-08 17:33:21
   ↳ [Task 100] Page 1 | Got 200 txs | Reached: 2024-04-09 06:59:06
   ↳ [Task 98] Page 2 | Got 77 txs | Reached: 2024-04-07 23:45:39
✅ [Task 98] Finished 2024-04-07! Collected 277 txs.
🧵 [Task 101] Started: 2024-04-10 to 2024-04-10
   ↳ [Task 97] Page 2 | Got 140 txs | Reached: 2024-04-06 23:57:15
✅ [Task 97] Finished 2024-04-06! Collected 340 txs.
🧵 [Task 102] Started: 2024-04-11 to 2024-04-11
   ↳ [Task 99] Page 2 | Got 157 txs | Reached: 2024-04-08 23:59:24
✅ [Task 99] Finished 2024-04-08! Collected 357 txs.
🧵 [Task 103] Started: 2024-04-12 to 2024-04-12
   ↳ [Task 100] Page 2 | Got 200 txs | Reached: 2024-04-09 17:11:21
   ↳ [Task 101] Page 1 | Got 200 txs | Reached: 2024-04-10 09:58:21
   ↳ [Task 102] Page 1 | Got 200 txs | Reached: 2024-04-11 16:55:09
   ↳ [Task 103] Page 1 | Got 200 txs | Reached: 2024-04-12 18:28:30
   ↳ [Task 100] Page 3 | Got 139 txs | Reached: 2024-04-09 23:52:45
✅ [Task 100] Finished 2024-04-09! Collected 539 txs.
🧵 [Task 104] Started: 2024-04-13 to 2024-04-13
   ↳ [Task 101] Page 2 | Got 200 txs | Reached: 2024-04-10 19:46:48
   ↳ [Task 103] Page 2 | Got 84 txs | Reached: 2024-04-12 23:59:06
✅ [Task 103] Finished 2024-04-12! Collected 284 txs.
🧵 [Task 105] Started: 2024-04-14 to 2024-04-14
   ↳ [Task 102] Page 2 | Got 200 txs | Reached: 2024-04-11 22:22:03
   ↳ [Task 101] Page 3 | Got 80 txs | Reached: 2024-04-10 23:48:06
✅ [Task 101] Finished 2024-04-10! Collected 480 txs.
🧵 [Task 106] Started: 2024-04-15 to 2024-04-15
   ↳ [Task 104] Page 1 | Got 200 txs | Reached: 2024-04-13 20:16:45
   ↳ [Task 102] Page 3 | Got 57 txs | Reached: 2024-04-11 23:59:48
✅ [Task 102] Finished 2024-04-11! Collected 457 txs.
🧵 [Task 107] Started: 2024-04-16 to 2024-04-16
   ↳ [Task 104] Page 2 | Got 47 txs | Reached: 2024-04-13 23:53:45
✅ [Task 104] Finished 2024-04-13! Collected 247 txs.
🧵 [Task 108] Started: 2024-04-17 to 2024-04-17
   ↳ [Task 105] Page 1 | Got 200 txs | Reached: 2024-04-14 16:52:54
   ↳ [Task 106] Page 1 | Got 200 txs | Reached: 2024-04-15 14:26:09
   ↳ [Task 107] Page 1 | Got 200 txs | Reached: 2024-04-16 05:53:54
   ↳ [Task 108] Page 1 | Got 200 txs | Reached: 2024-04-17 07:22:12
   ↳ [Task 105] Page 2 | Got 89 txs | Reached: 2024-04-14 23:54:42
✅ [Task 105] Finished 2024-04-14! Collected 289 txs.
🧵 [Task 109] Started: 2024-04-18 to 2024-04-18
   ↳ [Task 106] Page 2 | Got 200 txs | Reached: 2024-04-15 20:03:42
   ↳ [Task 107] Page 2 | Got 200 txs | Reached: 2024-04-16 15:37:30
   ↳ [Task 109] Page 1 | Got 200 txs | Reached: 2024-04-18 18:58:21
   ↳ [Task 108] Page 2 | Got 200 txs | Reached: 2024-04-17 18:32:00
   ↳ [Task 106] Page 3 | Got 171 txs | Reached: 2024-04-15 23:57:18
✅ [Task 106] Finished 2024-04-15! Collected 571 txs.
🧵 [Task 110] Started: 2024-04-19 to 2024-04-19
   ↳ [Task 107] Page 3 | Got 200 txs | Reached: 2024-04-16 23:50:36
   ↳ [Task 108] Page 3 | Got 124 txs | Reached: 2024-04-17 23:51:42
✅ [Task 108] Finished 2024-04-17! Collected 524 txs.
🧵 [Task 111] Started: 2024-04-20 to 2024-04-20
   ↳ [Task 107] Page 4 | Got 3 txs | Reached: 2024-04-16 23:53:39
✅ [Task 107] Finished 2024-04-16! Collected 603 txs.
🧵 [Task 112] Started: 2024-04-21 to 2024-04-21
   ↳ [Task 109] Page 2 | Got 200 txs | Reached: 2024-04-18 23:27:03
   ↳ [Task 110] Page 1 | Got 200 txs | Reached: 2024-04-19 11:49:48
   ↳ [Task 109] Page 3 | Got 9 txs | Reached: 2024-04-18 23:57:00
✅ [Task 109] Finished 2024-04-18! Collected 409 txs.
🧵 [Task 113] Started: 2024-04-22 to 2024-04-22
   ↳ [Task 111] Page 1 | Got 200 txs | Reached: 2024-04-20 20:09:54
   ↳ [Task 112] Page 1 | Got 200 txs | Reached: 2024-04-21 22:01:27
   ↳ [Task 112] Page 2 | Got 30 txs | Reached: 2024-04-21 23:57:06
✅ [Task 112] Finished 2024-04-21! Collected 230 txs.
🧵 [Task 114] Started: 2024-04-23 to 2024-04-23
   ↳ [Task 113] Page 1 | Got 200 txs | Reached: 2024-04-22 17:16:00
   ↳ [Task 111] Page 2 | Got 56 txs | Reached: 2024-04-20 23:52:33
✅ [Task 111] Finished 2024-04-20! Collected 256 txs.
🧵 [Task 115] Started: 2024-04-24 to 2024-04-24
   ↳ [Task 110] Page 2 | Got 200 txs | Reached: 2024-04-19 21:34:21
   ↳ [Task 114] Page 1 | Got 200 txs | Reached: 2024-04-23 09:04:03
   ↳ [Task 110] Page 3 | Got 77 txs | Reached: 2024-04-19 23:52:48
✅ [Task 110] Finished 2024-04-19! Collected 477 txs.
🧵 [Task 116] Started: 2024-04-25 to 2024-04-25
   ↳ [Task 115] Page 1 | Got 200 txs | Reached: 2024-04-24 16:34:00
   ↳ [Task 113] Page 2 | Got 200 txs | Reached: 2024-04-22 21:51:36
   ↳ [Task 116] Page 1 | Got 200 txs | Reached: 2024-04-25 14:43:21
   ↳ [Task 114] Page 2 | Got 200 txs | Reached: 2024-04-23 20:49:57
   ↳ [Task 113] Page 3 | Got 101 txs | Reached: 2024-04-22 23:42:42
✅ [Task 113] Finished 2024-04-22! Collected 501 txs.
🧵 [Task 117] Started: 2024-04-26 to 2024-04-26
   ↳ [Task 115] Page 2 | Got 164 txs | Reached: 2024-04-24 23:38:12
✅ [Task 115] Finished 2024-04-24! Collected 364 txs.
🧵 [Task 118] Started: 2024-04-27 to 2024-04-27
   ↳ [Task 114] Page 3 | Got 83 txs | Reached: 2024-04-23 23:58:45
✅ [Task 114] Finished 2024-04-23! Collected 483 txs.
🧵 [Task 119] Started: 2024-04-28 to 2024-04-28
   ↳ [Task 117] Page 1 | Got 200 txs | Reached: 2024-04-26 16:55:39
   ↳ [Task 116] Page 2 | Got 200 txs | Reached: 2024-04-25 20:14:45
   ↳ [Task 118] Page 1 | Got 200 txs | Reached: 2024-04-27 20:58:42
   ↳ [Task 119] Page 1 | Got 200 txs | Reached: 2024-04-28 20:28:39
   ↳ [Task 116] Page 3 | Got 115 txs | Reached: 2024-04-25 23:58:12
✅ [Task 116] Finished 2024-04-25! Collected 515 txs.
🧵 [Task 120] Started: 2024-04-29 to 2024-04-29
   ↳ [Task 118] Page 2 | Got 45 txs | Reached: 2024-04-27 23:21:12
✅ [Task 118] Finished 2024-04-27! Collected 245 txs.
🧵 [Task 121] Started: 2024-04-30 to 2024-04-30
   ↳ [Task 119] Page 2 | Got 42 txs | Reached: 2024-04-28 23:59:36
✅ [Task 119] Finished 2024-04-28! Collected 242 txs.
🧵 [Task 122] Started: 2024-05-01 to 2024-05-01
   ↳ [Task 117] Page 2 | Got 200 txs | Reached: 2024-04-26 22:19:09
   ↳ [Task 117] Page 3 | Got 50 txs | Reached: 2024-04-26 23:59:48
✅ [Task 117] Finished 2024-04-26! Collected 450 txs.
🧵 [Task 123] Started: 2024-05-02 to 2024-05-02
   ↳ [Task 121] Page 1 | Got 200 txs | Reached: 2024-04-30 11:11:51
   ↳ [Task 122] Page 1 | Got 200 txs | Reached: 2024-05-01 12:53:18
   ↳ [Task 120] Page 1 | Got 200 txs | Reached: 2024-04-29 14:10:03
   ↳ [Task 123] Page 1 | Got 200 txs | Reached: 2024-05-02 17:41:18
   ↳ [Task 121] Page 2 | Got 200 txs | Reached: 2024-04-30 19:10:15
   ↳ [Task 122] Page 2 | Got 200 txs | Reached: 2024-05-01 20:51:12
   ↳ [Task 120] Page 2 | Got 200 txs | Reached: 2024-04-29 20:03:30
   ↳ [Task 121] Page 3 | Got 69 txs | Reached: 2024-04-30 23:58:54
✅ [Task 121] Finished 2024-04-30! Collected 469 txs.
🧵 [Task 124] Started: 2024-05-03 to 2024-05-03
   ↳ [Task 122] Page 3 | Got 78 txs | Reached: 2024-05-01 23:53:00
✅ [Task 122] Finished 2024-05-01! Collected 478 txs.
🧵 [Task 125] Started: 2024-05-04 to 2024-05-04
   ↳ [Task 123] Page 2 | Got 194 txs | Reached: 2024-05-02 23:59:06
✅ [Task 123] Finished 2024-05-02! Collected 394 txs.
🧵 [Task 126] Started: 2024-05-05 to 2024-05-05
   ↳ [Task 120] Page 3 | Got 146 txs | Reached: 2024-04-29 23:55:36
✅ [Task 120] Finished 2024-04-29! Collected 546 txs.
🧵 [Task 127] Started: 2024-05-06 to 2024-05-06
   ↳ [Task 124] Page 1 | Got 200 txs | Reached: 2024-05-03 14:45:27
   ↳ [Task 125] Page 1 | Got 200 txs | Reached: 2024-05-04 20:44:42
   ↳ [Task 126] Page 1 | Got 200 txs | Reached: 2024-05-05 04:53:15
   ↳ [Task 125] Page 2 | Got 39 txs | Reached: 2024-05-04 23:51:15
✅ [Task 125] Finished 2024-05-04! Collected 239 txs.
🧵 [Task 128] Started: 2024-05-07 to 2024-05-07
   ↳ [Task 127] Page 1 | Got 200 txs | Reached: 2024-05-06 19:21:42
   ↳ [Task 124] Page 2 | Got 200 txs | Reached: 2024-05-03 20:20:45
   ↳ [Task 127] Page 2 | Got 159 txs | Reached: 2024-05-06 23:58:03
✅ [Task 127] Finished 2024-05-06! Collected 359 txs.
🧵 [Task 129] Started: 2024-05-08 to 2024-05-08
   ↳ [Task 126] Page 2 | Got 200 txs | Reached: 2024-05-05 21:07:39
   ↳ [Task 128] Page 1 | Got 200 txs | Reached: 2024-05-07 18:35:30
   ↳ [Task 124] Page 3 | Got 96 txs | Reached: 2024-05-03 23:55:15
✅ [Task 124] Finished 2024-05-03! Collected 496 txs.
🧵 [Task 130] Started: 2024-05-09 to 2024-05-09
   ↳ [Task 126] Page 3 | Got 46 txs | Reached: 2024-05-05 23:54:54
✅ [Task 126] Finished 2024-05-05! Collected 446 txs.
🧵 [Task 131] Started: 2024-05-10 to 2024-05-10
   ↳ [Task 129] Page 1 | Got 200 txs | Reached: 2024-05-08 19:26:42
   ↳ [Task 130] Page 1 | Got 200 txs | Reached: 2024-05-09 07:44:21
   ↳ [Task 128] Page 2 | Got 178 txs | Reached: 2024-05-07 23:56:45
✅ [Task 128] Finished 2024-05-07! Collected 378 txs.
🧵 [Task 132] Started: 2024-05-11 to 2024-05-11
   ↳ [Task 131] Page 1 | Got 200 txs | Reached: 2024-05-10 17:31:30
   ↳ [Task 129] Page 2 | Got 101 txs | Reached: 2024-05-08 23:58:30
✅ [Task 129] Finished 2024-05-08! Collected 301 txs.
🧵 [Task 133] Started: 2024-05-12 to 2024-05-12
   ↳ [Task 130] Page 2 | Got 200 txs | Reached: 2024-05-09 19:40:57
   ↳ [Task 132] Page 1 | Got 200 txs | Reached: 2024-05-11 09:54:03
   ↳ [Task 133] Page 1 | Got 200 txs | Reached: 2024-05-12 20:53:21
   ↳ [Task 131] Page 2 | Got 200 txs | Reached: 2024-05-10 22:18:27
   ↳ [Task 130] Page 3 | Got 110 txs | Reached: 2024-05-09 23:59:54
✅ [Task 130] Finished 2024-05-09! Collected 510 txs.
🧵 [Task 134] Started: 2024-05-13 to 2024-05-13
   ↳ [Task 133] Page 2 | Got 36 txs | Reached: 2024-05-12 23:57:09
✅ [Task 133] Finished 2024-05-12! Collected 236 txs.
🧵 [Task 135] Started: 2024-05-14 to 2024-05-14
   ↳ [Task 132] Page 2 | Got 149 txs | Reached: 2024-05-11 23:57:06
✅ [Task 132] Finished 2024-05-11! Collected 349 txs.
🧵 [Task 136] Started: 2024-05-15 to 2024-05-15
   ↳ [Task 131] Page 3 | Got 46 txs | Reached: 2024-05-10 23:58:24
✅ [Task 131] Finished 2024-05-10! Collected 446 txs.
🧵 [Task 137] Started: 2024-05-16 to 2024-05-16
   ↳ [Task 134] Page 1 | Got 200 txs | Reached: 2024-05-13 16:02:06
   ↳ [Task 135] Page 1 | Got 200 txs | Reached: 2024-05-14 05:48:09
   ↳ [Task 136] Page 1 | Got 200 txs | Reached: 2024-05-15 18:27:51
   ↳ [Task 137] Page 1 | Got 200 txs | Reached: 2024-05-16 07:37:45
   ↳ [Task 134] Page 2 | Got 116 txs | Reached: 2024-05-13 23:50:30
✅ [Task 134] Finished 2024-05-13! Collected 316 txs.
🧵 [Task 138] Started: 2024-05-17 to 2024-05-17
   ↳ [Task 135] Page 2 | Got 200 txs | Reached: 2024-05-14 11:12:39
   ↳ [Task 137] Page 2 | Got 165 txs | Reached: 2024-05-16 23:46:18
✅ [Task 137] Finished 2024-05-16! Collected 365 txs.
🧵 [Task 139] Started: 2024-05-18 to 2024-05-18
   ↳ [Task 136] Page 2 | Got 200 txs | Reached: 2024-05-15 23:39:45
   ↳ [Task 138] Page 1 | Got 200 txs | Reached: 2024-05-17 14:19:36
   ↳ [Task 136] Page 3 | Got 6 txs | Reached: 2024-05-15 23:54:30
✅ [Task 136] Finished 2024-05-15! Collected 406 txs.
🧵 [Task 140] Started: 2024-05-19 to 2024-05-19
   ↳ [Task 135] Page 3 | Got 200 txs | Reached: 2024-05-14 20:47:51
   ↳ [Task 139] Page 1 | Got 200 txs | Reached: 2024-05-18 21:07:24
   ↳ [Task 135] Page 4 | Got 48 txs | Reached: 2024-05-14 23:53:09
✅ [Task 135] Finished 2024-05-14! Collected 648 txs.
🧵 [Task 141] Started: 2024-05-20 to 2024-05-20
   ↳ [Task 138] Page 2 | Got 200 txs | Reached: 2024-05-17 20:43:24
   ↳ [Task 140] Page 1 | Got 200 txs | Reached: 2024-05-19 19:58:12
   ↳ [Task 139] Page 2 | Got 31 txs | Reached: 2024-05-18 23:56:39
✅ [Task 139] Finished 2024-05-18! Collected 231 txs.
🧵 [Task 142] Started: 2024-05-21 to 2024-05-21
   ↳ [Task 141] Page 1 | Got 200 txs | Reached: 2024-05-20 12:08:39
   ↳ [Task 140] Page 2 | Got 66 txs | Reached: 2024-05-19 23:54:33
✅ [Task 140] Finished 2024-05-19! Collected 266 txs.
🧵 [Task 143] Started: 2024-05-22 to 2024-05-22
   ↳ [Task 138] Page 3 | Got 96 txs | Reached: 2024-05-17 23:57:57
✅ [Task 138] Finished 2024-05-17! Collected 496 txs.
🧵 [Task 144] Started: 2024-05-23 to 2024-05-23
   ↳ [Task 144] Page 1 | Got 200 txs | Reached: 2024-05-23 17:31:12
   ↳ [Task 142] Page 1 | Got 200 txs | Reached: 2024-05-21 15:19:15
   ↳ [Task 143] Page 1 | Got 200 txs | Reached: 2024-05-22 03:53:54
   ↳ [Task 141] Page 2 | Got 200 txs | Reached: 2024-05-20 18:02:12
   ↳ [Task 144] Page 2 | Got 200 txs | Reached: 2024-05-23 22:59:12
   ↳ [Task 142] Page 2 | Got 147 txs | Reached: 2024-05-21 23:58:54
✅ [Task 142] Finished 2024-05-21! Collected 347 txs.
🧵 [Task 145] Started: 2024-05-24 to 2024-05-24
   ↳ [Task 143] Page 2 | Got 200 txs | Reached: 2024-05-22 18:34:27
   ↳ [Task 144] Page 3 | Got 30 txs | Reached: 2024-05-23 23:58:57
✅ [Task 144] Finished 2024-05-23! Collected 430 txs.
🧵 [Task 146] Started: 2024-05-25 to 2024-05-25
   ↳ [Task 141] Page 3 | Got 192 txs | Reached: 2024-05-20 23:57:30
✅ [Task 141] Finished 2024-05-20! Collected 592 txs.
🧵 [Task 147] Started: 2024-05-26 to 2024-05-26
   ↳ [Task 145] Page 1 | Got 200 txs | Reached: 2024-05-24 06:02:24
   ↳ [Task 143] Page 3 | Got 85 txs | Reached: 2024-05-22 23:41:33
✅ [Task 143] Finished 2024-05-22! Collected 485 txs.
🧵 [Task 148] Started: 2024-05-27 to 2024-05-27
   ↳ [Task 146] Page 1 | Got 200 txs | Reached: 2024-05-25 18:19:33
   ↳ [Task 147] Page 1 | Got 200 txs | Reached: 2024-05-26 15:38:54
   ↳ [Task 145] Page 2 | Got 200 txs | Reached: 2024-05-24 18:56:12
   ↳ [Task 148] Page 1 | Got 200 txs | Reached: 2024-05-27 17:23:06
   ↳ [Task 146] Page 2 | Got 55 txs | Reached: 2024-05-25 23:42:33
✅ [Task 146] Finished 2024-05-25! Collected 255 txs.
🧵 [Task 149] Started: 2024-05-28 to 2024-05-28
   ↳ [Task 147] Page 2 | Got 200 txs | Reached: 2024-05-26 20:41:03
   ↳ [Task 148] Page 2 | Got 88 txs | Reached: 2024-05-27 23:59:21
✅ [Task 148] Finished 2024-05-27! Collected 288 txs.
🧵 [Task 150] Started: 2024-05-29 to 2024-05-29
   ↳ [Task 149] Page 1 | Got 200 txs | Reached: 2024-05-28 17:16:33
   ↳ [Task 145] Page 3 | Got 153 txs | Reached: 2024-05-24 23:56:21
✅ [Task 145] Finished 2024-05-24! Collected 553 txs.
🧵 [Task 151] Started: 2024-05-30 to 2024-05-30
   ↳ [Task 147] Page 3 | Got 68 txs | Reached: 2024-05-26 23:59:48
✅ [Task 147] Finished 2024-05-26! Collected 468 txs.
🧵 [Task 152] Started: 2024-05-31 to 2024-05-31
   ↳ [Task 150] Page 1 | Got 200 txs | Reached: 2024-05-29 12:11:36
   ↳ [Task 151] Page 1 | Got 200 txs | Reached: 2024-05-30 19:10:57
   ↳ [Task 149] Page 2 | Got 200 txs | Reached: 2024-05-28 22:39:24
   ↳ [Task 152] Page 1 | Got 200 txs | Reached: 2024-05-31 23:38:12
   ↳ [Task 151] Page 2 | Got 62 txs | Reached: 2024-05-30 23:48:45
✅ [Task 151] Finished 2024-05-30! Collected 262 txs.
🧵 [Task 153] Started: 2024-06-01 to 2024-06-01
   ↳ [Task 152] Page 2 | Got 8 txs | Reached: 2024-05-31 23:58:15
✅ [Task 152] Finished 2024-05-31! Collected 208 txs.
🧵 [Task 154] Started: 2024-06-02 to 2024-06-02
   ↳ [Task 149] Page 3 | Got 45 txs | Reached: 2024-05-28 23:54:18
✅ [Task 149] Finished 2024-05-28! Collected 445 txs.
🧵 [Task 155] Started: 2024-06-03 to 2024-06-03
   ↳ [Task 150] Page 2 | Got 161 txs | Reached: 2024-05-29 23:59:57
✅ [Task 150] Finished 2024-05-29! Collected 361 txs.
🧵 [Task 156] Started: 2024-06-04 to 2024-06-04
   ↳ [Task 154] Page 1 | Got 134 txs | Reached: 2024-06-02 23:29:36
✅ [Task 154] Finished 2024-06-02! Collected 134 txs.
🧵 [Task 157] Started: 2024-06-05 to 2024-06-05
   ↳ [Task 155] Page 1 | Got 200 txs | Reached: 2024-06-03 19:24:33
   ↳ [Task 156] Page 1 | Got 200 txs | Reached: 2024-06-04 15:50:57
   ↳ [Task 153] Page 1 | Got 200 txs | Reached: 2024-06-01 20:40:39
   ↳ [Task 155] Page 2 | Got 65 txs | Reached: 2024-06-03 23:47:18
✅ [Task 155] Finished 2024-06-03! Collected 265 txs.
🧵 [Task 158] Started: 2024-06-06 to 2024-06-06
   ↳ [Task 153] Page 2 | Got 32 txs | Reached: 2024-06-01 23:52:03
✅ [Task 153] Finished 2024-06-01! Collected 232 txs.
🧵 [Task 159] Started: 2024-06-07 to 2024-06-07
   ↳ [Task 157] Page 1 | Got 200 txs | Reached: 2024-06-05 05:10:42
   ↳ [Task 156] Page 2 | Got 200 txs | Reached: 2024-06-04 22:41:03
   ↳ [Task 158] Page 1 | Got 200 txs | Reached: 2024-06-06 14:52:06
   ↳ [Task 156] Page 3 | Got 59 txs | Reached: 2024-06-04 23:59:03
✅ [Task 156] Finished 2024-06-04! Collected 459 txs.
🧵 [Task 160] Started: 2024-06-08 to 2024-06-08
   ↳ [Task 159] Page 1 | Got 200 txs | Reached: 2024-06-07 15:57:48
   ↳ [Task 157] Page 2 | Got 200 txs | Reached: 2024-06-05 10:06:06
   ↳ [Task 158] Page 2 | Got 115 txs | Reached: 2024-06-06 23:50:30
✅ [Task 158] Finished 2024-06-06! Collected 315 txs.
🧵 [Task 161] Started: 2024-06-09 to 2024-06-09
   ↳ [Task 160] Page 1 | Got 200 txs | Reached: 2024-06-08 07:31:09
   ↳ [Task 159] Page 2 | Got 200 txs | Reached: 2024-06-07 19:42:48
   ↳ [Task 161] Page 1 | Got 195 txs | Reached: 2024-06-09 23:54:51
✅ [Task 161] Finished 2024-06-09! Collected 195 txs.
🧵 [Task 162] Started: 2024-06-10 to 2024-06-10
   ↳ [Task 157] Page 3 | Got 200 txs | Reached: 2024-06-05 21:01:30
   ↳ [Task 160] Page 2 | Got 172 txs | Reached: 2024-06-08 23:57:15
✅ [Task 160] Finished 2024-06-08! Collected 372 txs.
🧵 [Task 163] Started: 2024-06-11 to 2024-06-11
   ↳ [Task 159] Page 3 | Got 154 txs | Reached: 2024-06-07 23:56:27
✅ [Task 159] Finished 2024-06-07! Collected 554 txs.
🧵 [Task 164] Started: 2024-06-12 to 2024-06-12
   ↳ [Task 162] Page 1 | Got 200 txs | Reached: 2024-06-10 16:36:27
   ↳ [Task 157] Page 4 | Got 74 txs | Reached: 2024-06-05 23:59:39
✅ [Task 157] Finished 2024-06-05! Collected 674 txs.
🧵 [Task 165] Started: 2024-06-13 to 2024-06-13
   ↳ [Task 164] Page 1 | Got 200 txs | Reached: 2024-06-12 15:35:18
   ↳ [Task 163] Page 1 | Got 200 txs | Reached: 2024-06-11 13:51:57
   ↳ [Task 162] Page 2 | Got 200 txs | Reached: 2024-06-10 20:35:48
   ↳ [Task 165] Page 1 | Got 200 txs | Reached: 2024-06-13 16:04:39
   ↳ [Task 164] Page 2 | Got 101 txs | Reached: 2024-06-12 23:56:03
✅ [Task 164] Finished 2024-06-12! Collected 301 txs.
🧵 [Task 166] Started: 2024-06-14 to 2024-06-14
   ↳ [Task 163] Page 2 | Got 200 txs | Reached: 2024-06-11 23:38:30
   ↳ [Task 162] Page 3 | Got 112 txs | Reached: 2024-06-10 23:59:57
✅ [Task 162] Finished 2024-06-10! Collected 512 txs.
🧵 [Task 167] Started: 2024-06-15 to 2024-06-15
   ↳ [Task 163] Page 3 | Got 12 txs | Reached: 2024-06-11 23:52:30
✅ [Task 163] Finished 2024-06-11! Collected 412 txs.
🧵 [Task 168] Started: 2024-06-16 to 2024-06-16
   ↳ [Task 166] Page 1 | Got 200 txs | Reached: 2024-06-14 15:16:39
   ↳ [Task 165] Page 2 | Got 200 txs | Reached: 2024-06-13 22:01:30
   ↳ [Task 165] Page 3 | Got 60 txs | Reached: 2024-06-13 23:59:24
✅ [Task 165] Finished 2024-06-13! Collected 460 txs.
🧵 [Task 169] Started: 2024-06-17 to 2024-06-17
   ↳ [Task 167] Page 1 | Got 200 txs | Reached: 2024-06-15 18:51:36
   ↳ [Task 168] Page 1 | Got 200 txs | Reached: 2024-06-16 21:57:30
   ↳ [Task 166] Page 2 | Got 179 txs | Reached: 2024-06-14 23:57:42
✅ [Task 166] Finished 2024-06-14! Collected 379 txs.
🧵 [Task 170] Started: 2024-06-18 to 2024-06-18
   ↳ [Task 168] Page 2 | Got 36 txs | Reached: 2024-06-16 23:46:36
✅ [Task 168] Finished 2024-06-16! Collected 236 txs.
🧵 [Task 171] Started: 2024-06-19 to 2024-06-19
   ↳ [Task 167] Page 2 | Got 62 txs | Reached: 2024-06-15 23:56:15
✅ [Task 167] Finished 2024-06-15! Collected 262 txs.
🧵 [Task 172] Started: 2024-06-20 to 2024-06-20
   ↳ [Task 169] Page 1 | Got 200 txs | Reached: 2024-06-17 14:17:51
   ↳ [Task 170] Page 1 | Got 200 txs | Reached: 2024-06-18 16:10:30
   ↳ [Task 171] Page 1 | Got 200 txs | Reached: 2024-06-19 14:23:12
   ↳ [Task 172] Page 1 | Got 200 txs | Reached: 2024-06-20 16:28:27
   ↳ [Task 169] Page 2 | Got 200 txs | Reached: 2024-06-17 17:53:45
   ↳ [Task 172] Page 2 | Got 165 txs | Reached: 2024-06-20 23:51:51
✅ [Task 172] Finished 2024-06-20! Collected 365 txs.
🧵 [Task 173] Started: 2024-06-21 to 2024-06-21
   ↳ [Task 171] Page 2 | Got 124 txs | Reached: 2024-06-19 23:55:54
✅ [Task 171] Finished 2024-06-19! Collected 324 txs.
🧵 [Task 174] Started: 2024-06-22 to 2024-06-22
   ↳ [Task 169] Page 3 | Got 200 txs | Reached: 2024-06-17 23:04:00
   ↳ [Task 170] Page 2 | Got 200 txs | Reached: 2024-06-18 22:54:57
   ↳ [Task 170] Page 3 | Got 18 txs | Reached: 2024-06-18 23:52:30
✅ [Task 170] Finished 2024-06-18! Collected 418 txs.
🧵 [Task 175] Started: 2024-06-23 to 2024-06-23
   ↳ [Task 169] Page 4 | Got 37 txs | Reached: 2024-06-17 23:59:27
✅ [Task 169] Finished 2024-06-17! Collected 637 txs.
🧵 [Task 176] Started: 2024-06-24 to 2024-06-24
   ↳ [Task 174] Page 1 | Got 200 txs | Reached: 2024-06-22 19:06:33
   ↳ [Task 173] Page 1 | Got 200 txs | Reached: 2024-06-21 17:49:06
   ↳ [Task 174] Page 2 | Got 51 txs | Reached: 2024-06-22 23:51:48
✅ [Task 174] Finished 2024-06-22! Collected 251 txs.
🧵 [Task 177] Started: 2024-06-25 to 2024-06-25
   ↳ [Task 175] Page 1 | Got 200 txs | Reached: 2024-06-23 10:37:33
   ↳ [Task 176] Page 1 | Got 200 txs | Reached: 2024-06-24 18:44:42
   ↳ [Task 173] Page 2 | Got 157 txs | Reached: 2024-06-21 23:46:57
✅ [Task 173] Finished 2024-06-21! Collected 357 txs.
🧵 [Task 178] Started: 2024-06-26 to 2024-06-26
   ↳ [Task 177] Page 1 | Got 200 txs | Reached: 2024-06-25 13:41:03
   ↳ [Task 176] Page 2 | Got 106 txs | Reached: 2024-06-24 23:26:03
✅ [Task 176] Finished 2024-06-24! Collected 306 txs.
🧵 [Task 179] Started: 2024-06-27 to 2024-06-27
   ↳ [Task 175] Page 2 | Got 111 txs | Reached: 2024-06-23 23:54:39
✅ [Task 175] Finished 2024-06-23! Collected 311 txs.
🧵 [Task 180] Started: 2024-06-28 to 2024-06-28
   ↳ [Task 178] Page 1 | Got 200 txs | Reached: 2024-06-26 15:20:12
   ↳ [Task 179] Page 1 | Got 200 txs | Reached: 2024-06-27 16:42:57
   ↳ [Task 177] Page 2 | Got 162 txs | Reached: 2024-06-25 23:56:06
✅ [Task 177] Finished 2024-06-25! Collected 362 txs.
🧵 [Task 181] Started: 2024-06-29 to 2024-06-29
   ↳ [Task 180] Page 1 | Got 200 txs | Reached: 2024-06-28 20:00:24
   ↳ [Task 180] Page 2 | Got 58 txs | Reached: 2024-06-28 23:59:24
✅ [Task 180] Finished 2024-06-28! Collected 258 txs.
🧵 [Task 182] Started: 2024-06-30 to 2024-06-30
   ↳ [Task 178] Page 2 | Got 169 txs | Reached: 2024-06-26 23:55:30
✅ [Task 178] Finished 2024-06-26! Collected 369 txs.
🧵 [Task 183] Started: 2024-07-01 to 2024-07-01
   ↳ [Task 181] Page 1 | Got 200 txs | Reached: 2024-06-29 23:29:15
   ↳ [Task 182] Page 1 | Got 141 txs | Reached: 2024-06-30 23:38:54
✅ [Task 182] Finished 2024-06-30! Collected 141 txs.
🧵 [Task 184] Started: 2024-07-02 to 2024-07-02
   ↳ [Task 179] Page 2 | Got 199 txs | Reached: 2024-06-27 23:59:21
✅ [Task 179] Finished 2024-06-27! Collected 399 txs.
🧵 [Task 185] Started: 2024-07-03 to 2024-07-03
   ↳ [Task 181] Page 2 | Got 8 txs | Reached: 2024-06-29 23:52:15
✅ [Task 181] Finished 2024-06-29! Collected 208 txs.
🧵 [Task 186] Started: 2024-07-04 to 2024-07-04
   ↳ [Task 184] Page 1 | Got 200 txs | Reached: 2024-07-02 15:49:09
   ↳ [Task 183] Page 1 | Got 200 txs | Reached: 2024-07-01 21:37:21
   ↳ [Task 183] Page 2 | Got 34 txs | Reached: 2024-07-01 23:40:36
✅ [Task 183] Finished 2024-07-01! Collected 234 txs.
🧵 [Task 187] Started: 2024-07-05 to 2024-07-05
   ↳ [Task 185] Page 1 | Got 200 txs | Reached: 2024-07-03 20:35:45
   ↳ [Task 186] Page 1 | Got 200 txs | Reached: 2024-07-04 18:06:03
   ↳ [Task 184] Page 2 | Got 200 txs | Reached: 2024-07-02 15:49:18
   ↳ [Task 185] Page 2 | Got 42 txs | Reached: 2024-07-03 23:57:39
✅ [Task 185] Finished 2024-07-03! Collected 242 txs.
🧵 [Task 188] Started: 2024-07-06 to 2024-07-06
   ↳ [Task 187] Page 1 | Got 200 txs | Reached: 2024-07-05 14:59:27
   ↳ [Task 184] Page 3 | Got 97 txs | Reached: 2024-07-02 23:59:57
✅ [Task 184] Finished 2024-07-02! Collected 497 txs.
🧵 [Task 189] Started: 2024-07-07 to 2024-07-07
   ↳ [Task 188] Page 1 | Got 176 txs | Reached: 2024-07-06 23:42:00
✅ [Task 188] Finished 2024-07-06! Collected 176 txs.
🧵 [Task 190] Started: 2024-07-08 to 2024-07-08
   ↳ [Task 186] Page 2 | Got 184 txs | Reached: 2024-07-04 23:58:51
✅ [Task 186] Finished 2024-07-04! Collected 384 txs.
🧵 [Task 191] Started: 2024-07-09 to 2024-07-09
   ↳ [Task 187] Page 2 | Got 118 txs | Reached: 2024-07-05 23:54:36
✅ [Task 187] Finished 2024-07-05! Collected 318 txs.
🧵 [Task 192] Started: 2024-07-10 to 2024-07-10
   ↳ [Task 189] Page 1 | Got 190 txs | Reached: 2024-07-07 23:55:57
✅ [Task 189] Finished 2024-07-07! Collected 190 txs.
🧵 [Task 193] Started: 2024-07-11 to 2024-07-11
   ↳ [Task 190] Page 1 | Got 200 txs | Reached: 2024-07-08 17:10:00
   ↳ [Task 192] Page 1 | Got 200 txs | Reached: 2024-07-10 17:40:15
   ↳ [Task 191] Page 1 | Got 200 txs | Reached: 2024-07-09 08:59:24
   ↳ [Task 193] Page 1 | Got 200 txs | Reached: 2024-07-11 19:22:18
   ↳ [Task 190] Page 2 | Got 200 txs | Reached: 2024-07-08 22:20:18
   ↳ [Task 193] Page 2 | Got 71 txs | Reached: 2024-07-11 23:42:06
✅ [Task 193] Finished 2024-07-11! Collected 271 txs.
🧵 [Task 194] Started: 2024-07-12 to 2024-07-12
   ↳ [Task 192] Page 2 | Got 180 txs | Reached: 2024-07-10 23:59:06
✅ [Task 192] Finished 2024-07-10! Collected 380 txs.
🧵 [Task 195] Started: 2024-07-13 to 2024-07-13
   ↳ [Task 190] Page 3 | Got 50 txs | Reached: 2024-07-08 23:59:03
✅ [Task 190] Finished 2024-07-08! Collected 450 txs.
🧵 [Task 196] Started: 2024-07-14 to 2024-07-14
   ↳ [Task 191] Page 2 | Got 200 txs | Reached: 2024-07-09 19:04:42
   ↳ [Task 194] Page 1 | Got 200 txs | Reached: 2024-07-12 20:50:24
   ↳ [Task 195] Page 1 | Got 200 txs | Reached: 2024-07-13 05:17:27
   ↳ [Task 196] Page 1 | Got 186 txs | Reached: 2024-07-14 23:51:12
✅ [Task 196] Finished 2024-07-14! Collected 186 txs.
🧵 [Task 197] Started: 2024-07-15 to 2024-07-15
   ↳ [Task 191] Page 3 | Got 126 txs | Reached: 2024-07-09 23:59:48
✅ [Task 191] Finished 2024-07-09! Collected 526 txs.
🧵 [Task 198] Started: 2024-07-16 to 2024-07-16
   ↳ [Task 194] Page 2 | Got 89 txs | Reached: 2024-07-12 23:59:51
✅ [Task 194] Finished 2024-07-12! Collected 289 txs.
🧵 [Task 199] Started: 2024-07-17 to 2024-07-17
   ↳ [Task 197] Page 1 | Got 200 txs | Reached: 2024-07-15 22:01:15
   ↳ [Task 195] Page 2 | Got 199 txs | Reached: 2024-07-13 23:41:33
✅ [Task 195] Finished 2024-07-13! Collected 399 txs.
🧵 [Task 200] Started: 2024-07-18 to 2024-07-18
   ↳ [Task 198] Page 1 | Got 200 txs | Reached: 2024-07-16 18:15:54
   ↳ [Task 197] Page 2 | Got 19 txs | Reached: 2024-07-15 23:52:06
✅ [Task 197] Finished 2024-07-15! Collected 219 txs.
🧵 [Task 201] Started: 2024-07-19 to 2024-07-19
   ↳ [Task 199] Page 1 | Got 200 txs | Reached: 2024-07-17 14:24:51
   ↳ [Task 198] Page 2 | Got 92 txs | Reached: 2024-07-16 23:59:03
✅ [Task 198] Finished 2024-07-16! Collected 292 txs.
🧵 [Task 202] Started: 2024-07-20 to 2024-07-20
   ↳ [Task 200] Page 1 | Got 200 txs | Reached: 2024-07-18 14:57:30
   ↳ [Task 201] Page 1 | Got 200 txs | Reached: 2024-07-19 11:31:42
   ↳ [Task 199] Page 2 | Got 200 txs | Reached: 2024-07-17 20:23:18
   ↳ [Task 200] Page 2 | Got 104 txs | Reached: 2024-07-18 23:34:00
✅ [Task 200] Finished 2024-07-18! Collected 304 txs.
🧵 [Task 203] Started: 2024-07-21 to 2024-07-21
   ↳ [Task 202] Page 1 | Got 200 txs | Reached: 2024-07-20 18:00:57
   ↳ [Task 199] Page 3 | Got 104 txs | Reached: 2024-07-17 23:58:45
✅ [Task 199] Finished 2024-07-17! Collected 504 txs.
🧵 [Task 204] Started: 2024-07-22 to 2024-07-22
   ↳ [Task 201] Page 2 | Got 179 txs | Reached: 2024-07-19 23:59:54
✅ [Task 201] Finished 2024-07-19! Collected 379 txs.
🧵 [Task 205] Started: 2024-07-23 to 2024-07-23
   ↳ [Task 203] Page 1 | Got 171 txs | Reached: 2024-07-21 23:58:51
✅ [Task 203] Finished 2024-07-21! Collected 171 txs.
🧵 [Task 206] Started: 2024-07-24 to 2024-07-24
   ↳ [Task 202] Page 2 | Got 148 txs | Reached: 2024-07-20 23:59:39
✅ [Task 202] Finished 2024-07-20! Collected 348 txs.
🧵 [Task 207] Started: 2024-07-25 to 2024-07-25
   ↳ [Task 204] Page 1 | Got 200 txs | Reached: 2024-07-22 18:42:15
   ↳ [Task 205] Page 1 | Got 200 txs | Reached: 2024-07-23 14:25:12
   ↳ [Task 206] Page 1 | Got 200 txs | Reached: 2024-07-24 17:43:30
   ↳ [Task 207] Page 1 | Got 200 txs | Reached: 2024-07-25 12:21:21
   ↳ [Task 204] Page 2 | Got 144 txs | Reached: 2024-07-22 23:59:33
✅ [Task 204] Finished 2024-07-22! Collected 344 txs.
🧵 [Task 208] Started: 2024-07-26 to 2024-07-26
   ↳ [Task 205] Page 2 | Got 200 txs | Reached: 2024-07-23 22:34:48
   ↳ [Task 206] Page 2 | Got 200 txs | Reached: 2024-07-24 23:33:09
   ↳ [Task 205] Page 3 | Got 19 txs | Reached: 2024-07-23 23:47:06
✅ [Task 205] Finished 2024-07-23! Collected 419 txs.
🧵 [Task 209] Started: 2024-07-27 to 2024-07-27
   ↳ [Task 207] Page 2 | Got 200 txs | Reached: 2024-07-25 23:35:15
   ↳ [Task 208] Page 1 | Got 200 txs | Reached: 2024-07-26 15:21:36
   ↳ [Task 206] Page 3 | Got 27 txs | Reached: 2024-07-24 23:56:18
✅ [Task 206] Finished 2024-07-24! Collected 427 txs.
🧵 [Task 210] Started: 2024-07-28 to 2024-07-28
   ↳ [Task 207] Page 3 | Got 7 txs | Reached: 2024-07-25 23:59:27
✅ [Task 207] Finished 2024-07-25! Collected 407 txs.
🧵 [Task 211] Started: 2024-07-29 to 2024-07-29
   ↳ [Task 209] Page 1 | Got 200 txs | Reached: 2024-07-27 20:04:51
   ↳ [Task 208] Page 2 | Got 200 txs | Reached: 2024-07-26 21:46:51
   ↳ [Task 209] Page 2 | Got 50 txs | Reached: 2024-07-27 23:56:57
✅ [Task 209] Finished 2024-07-27! Collected 250 txs.
🧵 [Task 212] Started: 2024-07-30 to 2024-07-30
   ↳ [Task 211] Page 1 | Got 200 txs | Reached: 2024-07-29 17:42:33
   ↳ [Task 210] Page 1 | Got 200 txs | Reached: 2024-07-28 22:42:09
   ↳ [Task 210] Page 2 | Got 20 txs | Reached: 2024-07-28 23:55:39
✅ [Task 210] Finished 2024-07-28! Collected 220 txs.
🧵 [Task 213] Started: 2024-07-31 to 2024-07-31
   ↳ [Task 208] Page 3 | Got 54 txs | Reached: 2024-07-26 23:59:30
✅ [Task 208] Finished 2024-07-26! Collected 454 txs.
🧵 [Task 214] Started: 2024-08-01 to 2024-08-01
   ↳ [Task 211] Page 2 | Got 100 txs | Reached: 2024-07-29 23:58:09
✅ [Task 211] Finished 2024-07-29! Collected 300 txs.
🧵 [Task 215] Started: 2024-08-02 to 2024-08-02
   ↳ [Task 212] Page 1 | Got 200 txs | Reached: 2024-07-30 11:43:24
   ↳ [Task 213] Page 1 | Got 200 txs | Reached: 2024-07-31 13:42:57
   ↳ [Task 214] Page 1 | Got 200 txs | Reached: 2024-08-01 16:39:03
   ↳ [Task 215] Page 1 | Got 200 txs | Reached: 2024-08-02 17:16:18
   ↳ [Task 212] Page 2 | Got 200 txs | Reached: 2024-07-30 18:05:15
   ↳ [Task 213] Page 2 | Got 200 txs | Reached: 2024-07-31 19:24:45
   ↳ [Task 214] Page 2 | Got 200 txs | Reached: 2024-08-01 22:47:15
   ↳ [Task 215] Page 2 | Got 200 txs | Reached: 2024-08-02 23:18:45
   ↳ [Task 212] Page 3 | Got 132 txs | Reached: 2024-07-30 23:59:00
✅ [Task 212] Finished 2024-07-30! Collected 532 txs.
🧵 [Task 216] Started: 2024-08-03 to 2024-08-03
   ↳ [Task 214] Page 3 | Got 27 txs | Reached: 2024-08-01 23:58:27
✅ [Task 214] Finished 2024-08-01! Collected 427 txs.
🧵 [Task 217] Started: 2024-08-04 to 2024-08-04
   ↳ [Task 215] Page 3 | Got 12 txs | Reached: 2024-08-02 23:50:30
✅ [Task 215] Finished 2024-08-02! Collected 412 txs.
🧵 [Task 218] Started: 2024-08-05 to 2024-08-05
   ↳ [Task 213] Page 3 | Got 69 txs | Reached: 2024-07-31 23:45:33
✅ [Task 213] Finished 2024-07-31! Collected 469 txs.
🧵 [Task 219] Started: 2024-08-06 to 2024-08-06
   ↳ [Task 216] Page 1 | Got 200 txs | Reached: 2024-08-03 18:43:33
   ↳ [Task 217] Page 1 | Got 200 txs | Reached: 2024-08-04 18:02:51
   ↳ [Task 218] Page 1 | Got 200 txs | Reached: 2024-08-05 17:00:24
   ↳ [Task 219] Page 1 | Got 200 txs | Reached: 2024-08-06 16:42:18
   ↳ [Task 217] Page 2 | Got 54 txs | Reached: 2024-08-04 23:26:33
✅ [Task 217] Finished 2024-08-04! Collected 254 txs.
🧵 [Task 220] Started: 2024-08-07 to 2024-08-07
   ↳ [Task 216] Page 2 | Got 95 txs | Reached: 2024-08-03 23:58:45
✅ [Task 216] Finished 2024-08-03! Collected 295 txs.
🧵 [Task 221] Started: 2024-08-08 to 2024-08-08
   ↳ [Task 218] Page 2 | Got 111 txs | Reached: 2024-08-05 23:47:33
✅ [Task 218] Finished 2024-08-05! Collected 311 txs.
🧵 [Task 222] Started: 2024-08-09 to 2024-08-09
   ↳ [Task 219] Page 2 | Got 110 txs | Reached: 2024-08-06 23:47:12
✅ [Task 219] Finished 2024-08-06! Collected 310 txs.
🧵 [Task 223] Started: 2024-08-10 to 2024-08-10
   ↳ [Task 220] Page 1 | Got 200 txs | Reached: 2024-08-07 04:52:18
   ↳ [Task 221] Page 1 | Got 200 txs | Reached: 2024-08-08 05:50:36
   ↳ [Task 222] Page 1 | Got 200 txs | Reached: 2024-08-09 15:34:00
   ↳ [Task 223] Page 1 | Got 200 txs | Reached: 2024-08-10 22:15:06
   ↳ [Task 223] Page 2 | Got 23 txs | Reached: 2024-08-10 23:59:36
✅ [Task 223] Finished 2024-08-10! Collected 223 txs.
🧵 [Task 224] Started: 2024-08-11 to 2024-08-11
   ↳ [Task 220] Page 2 | Got 200 txs | Reached: 2024-08-07 13:28:09
   ↳ [Task 221] Page 2 | Got 200 txs | Reached: 2024-08-08 20:22:54
   ↳ [Task 222] Page 2 | Got 165 txs | Reached: 2024-08-09 23:57:18
✅ [Task 222] Finished 2024-08-09! Collected 365 txs.
🧵 [Task 225] Started: 2024-08-12 to 2024-08-12
   ↳ [Task 224] Page 1 | Got 186 txs | Reached: 2024-08-11 23:55:33
✅ [Task 224] Finished 2024-08-11! Collected 186 txs.
🧵 [Task 226] Started: 2024-08-13 to 2024-08-13
   ↳ [Task 221] Page 3 | Got 82 txs | Reached: 2024-08-08 23:59:45
✅ [Task 221] Finished 2024-08-08! Collected 482 txs.
🧵 [Task 227] Started: 2024-08-14 to 2024-08-14
   ↳ [Task 225] Page 1 | Got 200 txs | Reached: 2024-08-12 21:42:57
   ↳ [Task 220] Page 3 | Got 200 txs | Reached: 2024-08-07 23:03:12
   ↳ [Task 226] Page 1 | Got 200 txs | Reached: 2024-08-13 18:32:12
   ↳ [Task 220] Page 4 | Got 13 txs | Reached: 2024-08-07 23:57:27
✅ [Task 220] Finished 2024-08-07! Collected 613 txs.
🧵 [Task 228] Started: 2024-08-15 to 2024-08-15
   ↳ [Task 225] Page 2 | Got 33 txs | Reached: 2024-08-12 23:59:57
✅ [Task 225] Finished 2024-08-12! Collected 233 txs.
🧵 [Task 229] Started: 2024-08-16 to 2024-08-16
   ↳ [Task 227] Page 1 | Got 200 txs | Reached: 2024-08-14 05:20:33
   ↳ [Task 226] Page 2 | Got 110 txs | Reached: 2024-08-13 23:57:45
✅ [Task 226] Finished 2024-08-13! Collected 310 txs.
🧵 [Task 230] Started: 2024-08-17 to 2024-08-17
   ↳ [Task 228] Page 1 | Got 200 txs | Reached: 2024-08-15 16:41:24
   ↳ [Task 229] Page 1 | Got 200 txs | Reached: 2024-08-16 15:07:21
   ↳ [Task 227] Page 2 | Got 200 txs | Reached: 2024-08-14 14:19:06
   ↳ [Task 228] Page 2 | Got 102 txs | Reached: 2024-08-15 23:51:30
✅ [Task 228] Finished 2024-08-15! Collected 302 txs.
🧵 [Task 231] Started: 2024-08-18 to 2024-08-18
   ↳ [Task 230] Page 1 | Got 200 txs | Reached: 2024-08-17 06:31:39
   ↳ [Task 229] Page 2 | Got 200 txs | Reached: 2024-08-16 19:14:06
   ↳ [Task 231] Page 1 | Got 200 txs | Reached: 2024-08-18 14:24:42
   ↳ [Task 227] Page 3 | Got 200 txs | Reached: 2024-08-14 22:56:42
   ↳ [Task 230] Page 2 | Got 200 txs | Reached: 2024-08-17 16:21:15
   ↳ [Task 227] Page 4 | Got 25 txs | Reached: 2024-08-14 23:53:12
✅ [Task 227] Finished 2024-08-14! Collected 625 txs.
🧵 [Task 232] Started: 2024-08-19 to 2024-08-19
   ↳ [Task 231] Page 2 | Got 128 txs | Reached: 2024-08-18 23:58:15
✅ [Task 231] Finished 2024-08-18! Collected 328 txs.
🧵 [Task 233] Started: 2024-08-20 to 2024-08-20
   ↳ [Task 229] Page 3 | Got 183 txs | Reached: 2024-08-16 23:44:18
✅ [Task 229] Finished 2024-08-16! Collected 583 txs.
🧵 [Task 234] Started: 2024-08-21 to 2024-08-21
   ↳ [Task 232] Page 1 | Got 200 txs | Reached: 2024-08-19 13:11:45
   ↳ [Task 233] Page 1 | Got 200 txs | Reached: 2024-08-20 03:42:51
   ↳ [Task 230] Page 3 | Got 190 txs | Reached: 2024-08-17 23:54:12
✅ [Task 230] Finished 2024-08-17! Collected 590 txs.
🧵 [Task 235] Started: 2024-08-22 to 2024-08-22
   ↳ [Task 234] Page 1 | Got 200 txs | Reached: 2024-08-21 03:12:42
   ↳ [Task 232] Page 2 | Got 200 txs | Reached: 2024-08-19 23:23:54
   ↳ [Task 232] Page 3 | Got 6 txs | Reached: 2024-08-19 23:58:51
✅ [Task 232] Finished 2024-08-19! Collected 406 txs.
🧵 [Task 236] Started: 2024-08-23 to 2024-08-23
   ↳ [Task 235] Page 1 | Got 200 txs | Reached: 2024-08-22 02:59:30
   ↳ [Task 233] Page 2 | Got 200 txs | Reached: 2024-08-20 07:32:21
   ↳ [Task 234] Page 2 | Got 200 txs | Reached: 2024-08-21 06:34:42
   ↳ [Task 236] Page 1 | Got 200 txs | Reached: 2024-08-23 08:17:06
   ↳ [Task 233] Page 3 | Got 200 txs | Reached: 2024-08-20 13:51:39
   ↳ [Task 235] Page 2 | Got 200 txs | Reached: 2024-08-22 08:48:45
   ↳ [Task 234] Page 3 | Got 200 txs | Reached: 2024-08-21 09:42:57
   ↳ [Task 236] Page 2 | Got 200 txs | Reached: 2024-08-23 18:23:54
   ↳ [Task 233] Page 4 | Got 200 txs | Reached: 2024-08-20 19:04:18
   ↳ [Task 234] Page 4 | Got 200 txs | Reached: 2024-08-21 14:02:54
   ↳ [Task 235] Page 3 | Got 200 txs | Reached: 2024-08-22 18:01:18
   ↳ [Task 236] Page 3 | Got 194 txs | Reached: 2024-08-23 23:59:33
✅ [Task 236] Finished 2024-08-23! Collected 594 txs.
🧵 [Task 237] Started: 2024-08-24 to 2024-08-24
   ↳ [Task 233] Page 5 | Got 200 txs | Reached: 2024-08-20 22:08:42
   ↳ [Task 234] Page 5 | Got 200 txs | Reached: 2024-08-21 17:53:51
   ↳ [Task 235] Page 4 | Got 182 txs | Reached: 2024-08-22 23:57:06
✅ [Task 235] Finished 2024-08-22! Collected 782 txs.
🧵 [Task 238] Started: 2024-08-25 to 2024-08-25
   ↳ [Task 237] Page 1 | Got 200 txs | Reached: 2024-08-24 07:18:00
   ↳ [Task 233] Page 6 | Got 96 txs | Reached: 2024-08-20 23:59:42
✅ [Task 233] Finished 2024-08-20! Collected 1096 txs.
🧵 [Task 239] Started: 2024-08-26 to 2024-08-26
   ↳ [Task 238] Page 1 | Got 200 txs | Reached: 2024-08-25 10:23:12
   ↳ [Task 234] Page 6 | Got 200 txs | Reached: 2024-08-21 21:39:48
   ↳ [Task 237] Page 2 | Got 200 txs | Reached: 2024-08-24 21:07:57
   ↳ [Task 239] Page 1 | Got 200 txs | Reached: 2024-08-26 09:45:51
   ↳ [Task 234] Page 7 | Got 130 txs | Reached: 2024-08-21 23:59:27
✅ [Task 234] Finished 2024-08-21! Collected 1330 txs.
🧵 [Task 240] Started: 2024-08-27 to 2024-08-27
   ↳ [Task 237] Page 3 | Got 74 txs | Reached: 2024-08-24 23:58:57
✅ [Task 237] Finished 2024-08-24! Collected 474 txs.
🧵 [Task 241] Started: 2024-08-28 to 2024-08-28
   ↳ [Task 239] Page 2 | Got 200 txs | Reached: 2024-08-26 19:12:00
   ↳ [Task 238] Page 2 | Got 200 txs | Reached: 2024-08-25 22:24:03
   ↳ [Task 238] Page 3 | Got 46 txs | Reached: 2024-08-25 23:51:36
✅ [Task 238] Finished 2024-08-25! Collected 446 txs.
🧵 [Task 242] Started: 2024-08-29 to 2024-08-29
   ↳ [Task 241] Page 1 | Got 200 txs | Reached: 2024-08-28 07:57:09
   ↳ [Task 240] Page 1 | Got 200 txs | Reached: 2024-08-27 05:07:27
   ↳ [Task 239] Page 3 | Got 120 txs | Reached: 2024-08-26 23:57:45
✅ [Task 239] Finished 2024-08-26! Collected 520 txs.
🧵 [Task 243] Started: 2024-08-30 to 2024-08-30
   ↳ [Task 242] Page 1 | Got 200 txs | Reached: 2024-08-29 05:05:18
   ↳ [Task 241] Page 2 | Got 200 txs | Reached: 2024-08-28 20:21:18
   ↳ [Task 243] Page 1 | Got 200 txs | Reached: 2024-08-30 07:09:36
   ↳ [Task 240] Page 2 | Got 200 txs | Reached: 2024-08-27 17:08:03
   ↳ [Task 242] Page 2 | Got 200 txs | Reached: 2024-08-29 10:58:30
   ↳ [Task 241] Page 3 | Got 173 txs | Reached: 2024-08-28 23:59:36
✅ [Task 241] Finished 2024-08-28! Collected 573 txs.
🧵 [Task 244] Started: 2024-08-31 to 2024-08-31
   ↳ [Task 243] Page 2 | Got 200 txs | Reached: 2024-08-30 21:04:54
   ↳ [Task 240] Page 3 | Got 176 txs | Reached: 2024-08-27 23:59:18
✅ [Task 240] Finished 2024-08-27! Collected 576 txs.
🧵 [Task 245] Started: 2024-09-01 to 2024-09-01
   ↳ [Task 243] Page 3 | Got 57 txs | Reached: 2024-08-30 23:50:33
✅ [Task 243] Finished 2024-08-30! Collected 457 txs.
🧵 [Task 246] Started: 2024-09-02 to 2024-09-02
   ↳ [Task 242] Page 3 | Got 200 txs | Reached: 2024-08-29 17:04:09
   ↳ [Task 244] Page 1 | Got 200 txs | Reached: 2024-08-31 09:25:57
   ↳ [Task 245] Page 1 | Got 200 txs | Reached: 2024-09-01 20:31:48
   ↳ [Task 246] Page 1 | Got 200 txs | Reached: 2024-09-02 09:27:39
   ↳ [Task 245] Page 2 | Got 78 txs | Reached: 2024-09-01 23:58:24
✅ [Task 245] Finished 2024-09-01! Collected 278 txs.
🧵 [Task 247] Started: 2024-09-03 to 2024-09-03
   ↳ [Task 242] Page 4 | Got 200 txs | Reached: 2024-08-29 23:19:27
   ↳ [Task 244] Page 2 | Got 163 txs | Reached: 2024-08-31 23:53:57
✅ [Task 244] Finished 2024-08-31! Collected 363 txs.
🧵 [Task 248] Started: 2024-09-04 to 2024-09-04
   ↳ [Task 242] Page 5 | Got 14 txs | Reached: 2024-08-29 23:58:06
✅ [Task 242] Finished 2024-08-29! Collected 814 txs.
🧵 [Task 249] Started: 2024-09-05 to 2024-09-05
   ↳ [Task 246] Page 2 | Got 200 txs | Reached: 2024-09-02 23:20:39
   ↳ [Task 246] Page 3 | Got 20 txs | Reached: 2024-09-02 23:58:57
✅ [Task 246] Finished 2024-09-02! Collected 420 txs.
🧵 [Task 250] Started: 2024-09-06 to 2024-09-06
   ↳ [Task 248] Page 1 | Got 200 txs | Reached: 2024-09-04 15:19:06
   ↳ [Task 249] Page 1 | Got 200 txs | Reached: 2024-09-05 15:33:48
   ↳ [Task 247] Page 1 | Got 200 txs | Reached: 2024-09-03 16:54:15
   ↳ [Task 250] Page 1 | Got 200 txs | Reached: 2024-09-06 17:05:36
   ↳ [Task 248] Page 2 | Got 159 txs | Reached: 2024-09-04 23:55:03
✅ [Task 248] Finished 2024-09-04! Collected 359 txs.
🧵 [Task 251] Started: 2024-09-07 to 2024-09-07
   ↳ [Task 249] Page 2 | Got 159 txs | Reached: 2024-09-05 23:59:33
✅ [Task 249] Finished 2024-09-05! Collected 359 txs.
🧵 [Task 252] Started: 2024-09-08 to 2024-09-08
   ↳ [Task 247] Page 2 | Got 145 txs | Reached: 2024-09-03 23:58:48
✅ [Task 247] Finished 2024-09-03! Collected 345 txs.
🧵 [Task 253] Started: 2024-09-09 to 2024-09-09
   ↳ [Task 250] Page 2 | Got 122 txs | Reached: 2024-09-06 23:58:06
✅ [Task 250] Finished 2024-09-06! Collected 322 txs.
🧵 [Task 254] Started: 2024-09-10 to 2024-09-10
   ↳ [Task 251] Page 1 | Got 200 txs | Reached: 2024-09-07 18:07:03
   ↳ [Task 252] Page 1 | Got 200 txs | Reached: 2024-09-08 21:49:12
   ↳ [Task 253] Page 1 | Got 200 txs | Reached: 2024-09-09 17:26:03
   ↳ [Task 251] Page 2 | Got 48 txs | Reached: 2024-09-07 23:57:48
✅ [Task 251] Finished 2024-09-07! Collected 248 txs.
🧵 [Task 255] Started: 2024-09-11 to 2024-09-11
   ↳ [Task 252] Page 2 | Got 32 txs | Reached: 2024-09-08 23:55:03
✅ [Task 252] Finished 2024-09-08! Collected 232 txs.
🧵 [Task 256] Started: 2024-09-12 to 2024-09-12
   ↳ [Task 254] Page 1 | Got 200 txs | Reached: 2024-09-10 04:14:48
   ↳ [Task 253] Page 2 | Got 198 txs | Reached: 2024-09-09 23:59:03
✅ [Task 253] Finished 2024-09-09! Collected 398 txs.
🧵 [Task 257] Started: 2024-09-13 to 2024-09-13
   ↳ [Task 255] Page 1 | Got 200 txs | Reached: 2024-09-11 10:30:57
   ↳ [Task 256] Page 1 | Got 200 txs | Reached: 2024-09-12 17:23:51
   ↳ [Task 254] Page 2 | Got 200 txs | Reached: 2024-09-10 08:41:42
   ↳ [Task 257] Page 1 | Got 200 txs | Reached: 2024-09-13 07:58:15
   ↳ [Task 255] Page 2 | Got 200 txs | Reached: 2024-09-11 17:42:54
   ↳ [Task 256] Page 2 | Got 192 txs | Reached: 2024-09-12 23:59:57
✅ [Task 256] Finished 2024-09-12! Collected 392 txs.
🧵 [Task 258] Started: 2024-09-14 to 2024-09-14
   ↳ [Task 254] Page 3 | Got 200 txs | Reached: 2024-09-10 17:11:12
   ↳ [Task 257] Page 2 | Got 200 txs | Reached: 2024-09-13 21:57:42
   ↳ [Task 258] Page 1 | Got 200 txs | Reached: 2024-09-14 18:07:03
   ↳ [Task 255] Page 3 | Got 200 txs | Reached: 2024-09-11 22:51:27
   ↳ [Task 257] Page 3 | Got 44 txs | Reached: 2024-09-13 23:54:57
✅ [Task 257] Finished 2024-09-13! Collected 444 txs.
🧵 [Task 259] Started: 2024-09-15 to 2024-09-15
   ↳ [Task 254] Page 4 | Got 200 txs | Reached: 2024-09-10 22:53:18
   ↳ [Task 255] Page 4 | Got 43 txs | Reached: 2024-09-11 23:56:27
✅ [Task 255] Finished 2024-09-11! Collected 643 txs.
🧵 [Task 260] Started: 2024-09-16 to 2024-09-16
   ↳ [Task 258] Page 2 | Got 55 txs | Reached: 2024-09-14 23:46:33
✅ [Task 258] Finished 2024-09-14! Collected 255 txs.
🧵 [Task 261] Started: 2024-09-17 to 2024-09-17
   ↳ [Task 254] Page 5 | Got 31 txs | Reached: 2024-09-10 23:51:36
✅ [Task 254] Finished 2024-09-10! Collected 831 txs.
🧵 [Task 262] Started: 2024-09-18 to 2024-09-18
   ↳ [Task 259] Page 1 | Got 200 txs | Reached: 2024-09-15 13:25:45
   ↳ [Task 261] Page 1 | Got 200 txs | Reached: 2024-09-17 18:18:42
   ↳ [Task 260] Page 1 | Got 200 txs | Reached: 2024-09-16 09:24:00
   ↳ [Task 262] Page 1 | Got 200 txs | Reached: 2024-09-18 19:04:27
   ↳ [Task 259] Page 2 | Got 200 txs | Reached: 2024-09-15 19:37:39
   ↳ [Task 262] Page 2 | Got 83 txs | Reached: 2024-09-18 23:59:09
✅ [Task 262] Finished 2024-09-18! Collected 283 txs.
🧵 [Task 263] Started: 2024-09-19 to 2024-09-19
   ↳ [Task 261] Page 2 | Got 133 txs | Reached: 2024-09-17 23:56:09
✅ [Task 261] Finished 2024-09-17! Collected 333 txs.
🧵 [Task 264] Started: 2024-09-20 to 2024-09-20
   ↳ [Task 260] Page 2 | Got 200 txs | Reached: 2024-09-16 22:42:27
   ↳ [Task 259] Page 3 | Got 81 txs | Reached: 2024-09-15 23:54:15
✅ [Task 259] Finished 2024-09-15! Collected 481 txs.
🧵 [Task 265] Started: 2024-09-21 to 2024-09-21
   ↳ [Task 260] Page 3 | Got 51 txs | Reached: 2024-09-16 23:57:42
✅ [Task 260] Finished 2024-09-16! Collected 451 txs.
🧵 [Task 266] Started: 2024-09-22 to 2024-09-22
   ↳ [Task 263] Page 1 | Got 200 txs | Reached: 2024-09-19 07:00:12
   ↳ [Task 264] Page 1 | Got 200 txs | Reached: 2024-09-20 11:07:54
   ↳ [Task 265] Page 1 | Got 200 txs | Reached: 2024-09-21 17:38:57
   ↳ [Task 266] Page 1 | Got 200 txs | Reached: 2024-09-22 21:31:36
   ↳ [Task 265] Page 2 | Got 71 txs | Reached: 2024-09-21 23:48:45
✅ [Task 265] Finished 2024-09-21! Collected 271 txs.
🧵 [Task 267] Started: 2024-09-23 to 2024-09-23
   ↳ [Task 266] Page 2 | Got 33 txs | Reached: 2024-09-22 23:54:00
✅ [Task 266] Finished 2024-09-22! Collected 233 txs.
🧵 [Task 268] Started: 2024-09-24 to 2024-09-24
   ↳ [Task 264] Page 2 | Got 200 txs | Reached: 2024-09-20 20:51:45
   ↳ [Task 263] Page 2 | Got 200 txs | Reached: 2024-09-19 21:13:51
   ↳ [Task 264] Page 3 | Got 47 txs | Reached: 2024-09-20 23:56:57
✅ [Task 264] Finished 2024-09-20! Collected 447 txs.
🧵 [Task 269] Started: 2024-09-25 to 2024-09-25
   ↳ [Task 263] Page 3 | Got 82 txs | Reached: 2024-09-19 23:58:36
✅ [Task 263] Finished 2024-09-19! Collected 482 txs.
🧵 [Task 270] Started: 2024-09-26 to 2024-09-26
   ↳ [Task 268] Page 1 | Got 200 txs | Reached: 2024-09-24 15:03:12
   ↳ [Task 267] Page 1 | Got 200 txs | Reached: 2024-09-23 17:41:30
   ↳ [Task 269] Page 1 | Got 200 txs | Reached: 2024-09-25 17:21:48
   ↳ [Task 267] Page 2 | Got 104 txs | Reached: 2024-09-23 23:54:57
✅ [Task 267] Finished 2024-09-23! Collected 304 txs.
🧵 [Task 271] Started: 2024-09-27 to 2024-09-27
   ↳ [Task 268] Page 2 | Got 148 txs | Reached: 2024-09-24 23:56:57
✅ [Task 268] Finished 2024-09-24! Collected 348 txs.
🧵 [Task 272] Started: 2024-09-28 to 2024-09-28
   ↳ [Task 270] Page 1 | Got 200 txs | Reached: 2024-09-26 14:39:18
   ↳ [Task 269] Page 2 | Got 133 txs | Reached: 2024-09-25 23:57:06
✅ [Task 269] Finished 2024-09-25! Collected 333 txs.
🧵 [Task 273] Started: 2024-09-29 to 2024-09-29
   ↳ [Task 272] Page 1 | Got 200 txs | Reached: 2024-09-28 09:44:03
   ↳ [Task 271] Page 1 | Got 200 txs | Reached: 2024-09-27 05:40:39
   ↳ [Task 270] Page 2 | Got 200 txs | Reached: 2024-09-26 20:07:54
   ↳ [Task 273] Page 1 | Got 200 txs | Reached: 2024-09-29 04:35:09
   ↳ [Task 272] Page 2 | Got 119 txs | Reached: 2024-09-28 23:24:06
✅ [Task 272] Finished 2024-09-28! Collected 319 txs.
🧵 [Task 274] Started: 2024-09-30 to 2024-09-30
   ↳ [Task 271] Page 2 | Got 200 txs | Reached: 2024-09-27 12:00:03
   ↳ [Task 270] Page 3 | Got 145 txs | Reached: 2024-09-26 23:58:51
✅ [Task 270] Finished 2024-09-26! Collected 545 txs.
🧵 [Task 275] Started: 2024-10-01 to 2024-10-01
   ↳ [Task 273] Page 2 | Got 200 txs | Reached: 2024-09-29 18:21:18
   ↳ [Task 274] Page 1 | Got 200 txs | Reached: 2024-09-30 18:41:54
   ↳ [Task 275] Page 1 | Got 200 txs | Reached: 2024-10-01 16:09:42
   ↳ [Task 271] Page 3 | Got 200 txs | Reached: 2024-09-27 20:03:24
   ↳ [Task 273] Page 3 | Got 76 txs | Reached: 2024-09-29 23:59:57
✅ [Task 273] Finished 2024-09-29! Collected 476 txs.
🧵 [Task 276] Started: 2024-10-02 to 2024-10-02
   ↳ [Task 275] Page 2 | Got 109 txs | Reached: 2024-10-01 23:58:33
✅ [Task 275] Finished 2024-10-01! Collected 309 txs.
🧵 [Task 277] Started: 2024-10-03 to 2024-10-03
   ↳ [Task 276] Page 1 | Got 200 txs | Reached: 2024-10-02 17:13:57
   ↳ [Task 274] Page 2 | Got 191 txs | Reached: 2024-09-30 23:49:15
✅ [Task 274] Finished 2024-09-30! Collected 391 txs.
🧵 [Task 278] Started: 2024-10-04 to 2024-10-04
   ↳ [Task 271] Page 4 | Got 82 txs | Reached: 2024-09-27 23:55:36
✅ [Task 271] Finished 2024-09-27! Collected 682 txs.
🧵 [Task 279] Started: 2024-10-05 to 2024-10-05
   ↳ [Task 276] Page 2 | Got 103 txs | Reached: 2024-10-02 23:59:42
✅ [Task 276] Finished 2024-10-02! Collected 303 txs.
🧵 [Task 280] Started: 2024-10-06 to 2024-10-06
   ↳ [Task 277] Page 1 | Got 200 txs | Reached: 2024-10-03 06:33:48
   ↳ [Task 278] Page 1 | Got 183 txs | Reached: 2024-10-04 23:08:51
✅ [Task 278] Finished 2024-10-04! Collected 183 txs.
🧵 [Task 281] Started: 2024-10-07 to 2024-10-07
   ↳ [Task 279] Page 1 | Got 169 txs | Reached: 2024-10-05 23:54:42
✅ [Task 279] Finished 2024-10-05! Collected 169 txs.
🧵 [Task 282] Started: 2024-10-08 to 2024-10-08
   ↳ [Task 280] Page 1 | Got 200 txs | Reached: 2024-10-06 17:09:03
   ↳ [Task 277] Page 2 | Got 200 txs | Reached: 2024-10-03 16:06:27
   ↳ [Task 281] Page 1 | Got 200 txs | Reached: 2024-10-07 19:45:18
   ↳ [Task 282] Page 1 | Got 200 txs | Reached: 2024-10-08 17:19:18
   ↳ [Task 280] Page 2 | Got 104 txs | Reached: 2024-10-06 23:59:39
✅ [Task 280] Finished 2024-10-06! Collected 304 txs.
🧵 [Task 283] Started: 2024-10-09 to 2024-10-09
   ↳ [Task 281] Page 2 | Got 76 txs | Reached: 2024-10-07 23:59:33
✅ [Task 281] Finished 2024-10-07! Collected 276 txs.
🧵 [Task 284] Started: 2024-10-10 to 2024-10-10
   ↳ [Task 277] Page 3 | Got 187 txs | Reached: 2024-10-03 23:57:51
✅ [Task 277] Finished 2024-10-03! Collected 587 txs.
🧵 [Task 285] Started: 2024-10-11 to 2024-10-11
   ↳ [Task 282] Page 2 | Got 112 txs | Reached: 2024-10-08 23:47:21
✅ [Task 282] Finished 2024-10-08! Collected 312 txs.
🧵 [Task 286] Started: 2024-10-12 to 2024-10-12
   ↳ [Task 283] Page 1 | Got 200 txs | Reached: 2024-10-09 18:33:09
   ↳ [Task 283] Page 2 | Got 48 txs | Reached: 2024-10-09 23:56:09
✅ [Task 283] Finished 2024-10-09! Collected 248 txs.
🧵 [Task 287] Started: 2024-10-13 to 2024-10-13
   ↳ [Task 286] Page 1 | Got 200 txs | Reached: 2024-10-12 19:02:06
   ↳ [Task 285] Page 1 | Got 200 txs | Reached: 2024-10-11 10:59:12
   ↳ [Task 284] Page 1 | Got 200 txs | Reached: 2024-10-10 23:05:57
   ↳ [Task 284] Page 2 | Got 20 txs | Reached: 2024-10-10 23:59:21
✅ [Task 284] Finished 2024-10-10! Collected 220 txs.
🧵 [Task 288] Started: 2024-10-14 to 2024-10-14
   ↳ [Task 286] Page 2 | Got 59 txs | Reached: 2024-10-12 23:48:12
✅ [Task 286] Finished 2024-10-12! Collected 259 txs.
🧵 [Task 289] Started: 2024-10-15 to 2024-10-15
   ↳ [Task 287] Page 1 | Got 193 txs | Reached: 2024-10-13 23:57:33
✅ [Task 287] Finished 2024-10-13! Collected 193 txs.
🧵 [Task 290] Started: 2024-10-16 to 2024-10-16
   ↳ [Task 285] Page 2 | Got 147 txs | Reached: 2024-10-11 23:55:09
✅ [Task 285] Finished 2024-10-11! Collected 347 txs.
🧵 [Task 291] Started: 2024-10-17 to 2024-10-17
   ↳ [Task 288] Page 1 | Got 200 txs | Reached: 2024-10-14 22:04:09
   ↳ [Task 289] Page 1 | Got 200 txs | Reached: 2024-10-15 17:00:57
   ↳ [Task 290] Page 1 | Got 200 txs | Reached: 2024-10-16 05:50:03
   ↳ [Task 291] Page 1 | Got 200 txs | Reached: 2024-10-17 15:02:15
   ↳ [Task 288] Page 2 | Got 28 txs | Reached: 2024-10-14 23:53:09
✅ [Task 288] Finished 2024-10-14! Collected 228 txs.
🧵 [Task 292] Started: 2024-10-18 to 2024-10-18
   ↳ [Task 289] Page 2 | Got 200 txs | Reached: 2024-10-15 19:48:39
   ↳ [Task 290] Page 2 | Got 200 txs | Reached: 2024-10-16 22:26:30
   ↳ [Task 291] Page 2 | Got 175 txs | Reached: 2024-10-17 23:43:12
✅ [Task 291] Finished 2024-10-17! Collected 375 txs.
🧵 [Task 293] Started: 2024-10-19 to 2024-10-19
   ↳ [Task 292] Page 1 | Got 200 txs | Reached: 2024-10-18 23:28:06
   ↳ [Task 290] Page 3 | Got 26 txs | Reached: 2024-10-16 23:59:36
✅ [Task 290] Finished 2024-10-16! Collected 426 txs.
🧵 [Task 294] Started: 2024-10-20 to 2024-10-20
   ↳ [Task 289] Page 3 | Got 114 txs | Reached: 2024-10-15 23:59:21
✅ [Task 289] Finished 2024-10-15! Collected 514 txs.
🧵 [Task 295] Started: 2024-10-21 to 2024-10-21
   ↳ [Task 292] Page 2 | Got 9 txs | Reached: 2024-10-18 23:58:21
✅ [Task 292] Finished 2024-10-18! Collected 209 txs.
🧵 [Task 296] Started: 2024-10-22 to 2024-10-22
   ↳ [Task 293] Page 1 | Got 200 txs | Reached: 2024-10-19 21:28:12
   ↳ [Task 294] Page 1 | Got 185 txs | Reached: 2024-10-20 23:54:54
✅ [Task 294] Finished 2024-10-20! Collected 185 txs.
🧵 [Task 297] Started: 2024-10-23 to 2024-10-23
   ↳ [Task 293] Page 2 | Got 27 txs | Reached: 2024-10-19 23:57:33
✅ [Task 293] Finished 2024-10-19! Collected 227 txs.
🧵 [Task 298] Started: 2024-10-24 to 2024-10-24
   ↳ [Task 295] Page 1 | Got 161 txs | Reached: 2024-10-21 23:49:51
✅ [Task 295] Finished 2024-10-21! Collected 161 txs.
🧵 [Task 299] Started: 2024-10-25 to 2024-10-25
   ↳ [Task 296] Page 1 | Got 200 txs | Reached: 2024-10-22 12:26:39
   ↳ [Task 299] Page 1 | Got 163 txs | Reached: 2024-10-25 23:57:03
✅ [Task 299] Finished 2024-10-25! Collected 163 txs.
🧵 [Task 300] Started: 2024-10-26 to 2024-10-26
   ↳ [Task 297] Page 1 | Got 200 txs | Reached: 2024-10-23 20:05:15
   ↳ [Task 298] Page 1 | Got 199 txs | Reached: 2024-10-24 23:52:42
✅ [Task 298] Finished 2024-10-24! Collected 199 txs.
🧵 [Task 301] Started: 2024-10-27 to 2024-10-27
   ↳ [Task 300] Page 1 | Got 110 txs | Reached: 2024-10-26 23:58:45
✅ [Task 300] Finished 2024-10-26! Collected 110 txs.
🧵 [Task 302] Started: 2024-10-28 to 2024-10-28
   ↳ [Task 297] Page 2 | Got 42 txs | Reached: 2024-10-23 23:48:09
✅ [Task 297] Finished 2024-10-23! Collected 242 txs.
🧵 [Task 303] Started: 2024-10-29 to 2024-10-29
   ↳ [Task 296] Page 2 | Got 200 txs | Reached: 2024-10-22 21:42:33
   ↳ [Task 296] Page 3 | Got 40 txs | Reached: 2024-10-22 23:45:09
✅ [Task 296] Finished 2024-10-22! Collected 440 txs.
🧵 [Task 304] Started: 2024-10-30 to 2024-10-30
   ↳ [Task 301] Page 1 | Got 110 txs | Reached: 2024-10-27 23:58:51
✅ [Task 301] Finished 2024-10-27! Collected 110 txs.
🧵 [Task 305] Started: 2024-10-31 to 2024-10-31
   ↳ [Task 303] Page 1 | Got 188 txs | Reached: 2024-10-29 23:53:06
   ↳ [Task 302] Page 1 | Got 200 txs | Reached: 2024-10-28 20:31:03
✅ [Task 303] Finished 2024-10-29! Collected 188 txs.
🧵 [Task 306] Started: 2024-11-01 to 2024-11-01
   ↳ [Task 305] Page 1 | Got 200 txs | Reached: 2024-10-31 23:30:39
   ↳ [Task 302] Page 2 | Got 38 txs | Reached: 2024-10-28 23:38:00
✅ [Task 302] Finished 2024-10-28! Collected 238 txs.
🧵 [Task 307] Started: 2024-11-02 to 2024-11-02
   ↳ [Task 304] Page 1 | Got 200 txs | Reached: 2024-10-30 20:42:21
   ↳ [Task 306] Page 1 | Got 154 txs | Reached: 2024-11-01 23:58:48
✅ [Task 306] Finished 2024-11-01! Collected 154 txs.
🧵 [Task 308] Started: 2024-11-03 to 2024-11-03
   ↳ [Task 305] Page 2 | Got 7 txs | Reached: 2024-10-31 23:59:51
✅ [Task 305] Finished 2024-10-31! Collected 207 txs.
🧵 [Task 309] Started: 2024-11-04 to 2024-11-04
   ↳ [Task 304] Page 2 | Got 41 txs | Reached: 2024-10-30 23:59:45
✅ [Task 304] Finished 2024-10-30! Collected 241 txs.
🧵 [Task 310] Started: 2024-11-05 to 2024-11-05
   ↳ [Task 307] Page 1 | Got 200 txs | Reached: 2024-11-02 20:57:06
   ↳ [Task 308] Page 1 | Got 107 txs | Reached: 2024-11-03 23:53:36
✅ [Task 308] Finished 2024-11-03! Collected 107 txs.
🧵 [Task 311] Started: 2024-11-06 to 2024-11-06
   ↳ [Task 309] Page 1 | Got 142 txs | Reached: 2024-11-04 23:57:12
✅ [Task 309] Finished 2024-11-04! Collected 142 txs.
🧵 [Task 312] Started: 2024-11-07 to 2024-11-07
   ↳ [Task 307] Page 2 | Got 47 txs | Reached: 2024-11-02 23:51:24
✅ [Task 307] Finished 2024-11-02! Collected 247 txs.
🧵 [Task 313] Started: 2024-11-08 to 2024-11-08
   ↳ [Task 310] Page 1 | Got 194 txs | Reached: 2024-11-05 23:55:45
✅ [Task 310] Finished 2024-11-05! Collected 194 txs.
🧵 [Task 314] Started: 2024-11-09 to 2024-11-09
   ↳ [Task 311] Page 1 | Got 200 txs | Reached: 2024-11-06 14:44:33
   ↳ [Task 312] Page 1 | Got 200 txs | Reached: 2024-11-07 22:31:42
   ↳ [Task 313] Page 1 | Got 174 txs | Reached: 2024-11-08 23:57:36
✅ [Task 313] Finished 2024-11-08! Collected 174 txs.
🧵 [Task 315] Started: 2024-11-10 to 2024-11-10
   ↳ [Task 314] Page 1 | Got 200 txs | Reached: 2024-11-09 23:58:54
✅ [Task 314] Finished 2024-11-09! Collected 200 txs.
🧵 [Task 316] Started: 2024-11-11 to 2024-11-11
   ↳ [Task 312] Page 2 | Got 18 txs | Reached: 2024-11-07 23:21:12
✅ [Task 312] Finished 2024-11-07! Collected 218 txs.
🧵 [Task 317] Started: 2024-11-12 to 2024-11-12
   ↳ [Task 311] Page 2 | Got 119 txs | Reached: 2024-11-06 23:50:30
✅ [Task 311] Finished 2024-11-06! Collected 319 txs.
🧵 [Task 318] Started: 2024-11-13 to 2024-11-13
   ↳ [Task 315] Page 1 | Got 129 txs | Reached: 2024-11-10 23:56:18
✅ [Task 315] Finished 2024-11-10! Collected 129 txs.
🧵 [Task 319] Started: 2024-11-14 to 2024-11-14
   ↳ [Task 316] Page 1 | Got 200 txs | Reached: 2024-11-11 20:27:18
   ↳ [Task 317] Page 1 | Got 200 txs | Reached: 2024-11-12 16:32:30
   ↳ [Task 318] Page 1 | Got 200 txs | Reached: 2024-11-13 11:58:12
   ↳ [Task 319] Page 1 | Got 200 txs | Reached: 2024-11-14 19:41:48
   ↳ [Task 317] Page 2 | Got 113 txs | Reached: 2024-11-12 23:56:12
✅ [Task 317] Finished 2024-11-12! Collected 313 txs.
🧵 [Task 320] Started: 2024-11-15 to 2024-11-15
   ↳ [Task 316] Page 2 | Got 104 txs | Reached: 2024-11-11 23:59:27
✅ [Task 316] Finished 2024-11-11! Collected 304 txs.
🧵 [Task 321] Started: 2024-11-16 to 2024-11-16
   ↳ [Task 318] Page 2 | Got 200 txs | Reached: 2024-11-13 21:33:06
   ↳ [Task 319] Page 2 | Got 152 txs | Reached: 2024-11-14 23:59:48
✅ [Task 319] Finished 2024-11-14! Collected 352 txs.
🧵 [Task 322] Started: 2024-11-17 to 2024-11-17
   ↳ [Task 318] Page 3 | Got 36 txs | Reached: 2024-11-13 23:59:54
✅ [Task 318] Finished 2024-11-13! Collected 436 txs.
🧵 [Task 323] Started: 2024-11-18 to 2024-11-18
   ↳ [Task 321] Page 1 | Got 158 txs | Reached: 2024-11-16 23:53:06
✅ [Task 321] Finished 2024-11-16! Collected 158 txs.
🧵 [Task 324] Started: 2024-11-19 to 2024-11-19
   ↳ [Task 320] Page 1 | Got 200 txs | Reached: 2024-11-15 12:00:06
   ↳ [Task 322] Page 1 | Got 200 txs | Reached: 2024-11-17 05:30:54
   ↳ [Task 320] Page 2 | Got 121 txs | Reached: 2024-11-15 23:28:21
✅ [Task 320] Finished 2024-11-15! Collected 321 txs.
🧵 [Task 325] Started: 2024-11-20 to 2024-11-20
   ↳ [Task 324] Page 1 | Got 200 txs | Reached: 2024-11-19 23:17:54
   ↳ [Task 323] Page 1 | Got 200 txs | Reached: 2024-11-18 22:32:21
   ↳ [Task 324] Page 2 | Got 1 txs | Reached: 2024-11-19 23:48:18
✅ [Task 324] Finished 2024-11-19! Collected 201 txs.
🧵 [Task 326] Started: 2024-11-21 to 2024-11-21
   ↳ [Task 323] Page 2 | Got 20 txs | Reached: 2024-11-18 23:52:18
✅ [Task 323] Finished 2024-11-18! Collected 220 txs.
🧵 [Task 327] Started: 2024-11-22 to 2024-11-22
   ↳ [Task 322] Page 2 | Got 200 txs | Reached: 2024-11-17 17:48:30
   ↳ [Task 325] Page 1 | Got 200 txs | Reached: 2024-11-20 21:42:42
   ↳ [Task 325] Page 2 | Got 19 txs | Reached: 2024-11-20 23:55:51
✅ [Task 325] Finished 2024-11-20! Collected 219 txs.
🧵 [Task 328] Started: 2024-11-23 to 2024-11-23
   ↳ [Task 327] Page 1 | Got 200 txs | Reached: 2024-11-22 22:26:42
   ↳ [Task 322] Page 3 | Got 58 txs | Reached: 2024-11-17 23:59:36
✅ [Task 322] Finished 2024-11-17! Collected 458 txs.
🧵 [Task 329] Started: 2024-11-24 to 2024-11-24
   ↳ [Task 326] Page 1 | Got 200 txs | Reached: 2024-11-21 15:58:54
   ↳ [Task 327] Page 2 | Got 19 txs | Reached: 2024-11-22 23:57:03
✅ [Task 327] Finished 2024-11-22! Collected 219 txs.
🧵 [Task 330] Started: 2024-11-25 to 2024-11-25
   ↳ [Task 329] Page 1 | Got 200 txs | Reached: 2024-11-24 16:28:09
   ↳ [Task 328] Page 1 | Got 200 txs | Reached: 2024-11-23 21:58:21
   ↳ [Task 326] Page 2 | Got 200 txs | Reached: 2024-11-21 22:06:51
   ↳ [Task 330] Page 1 | Got 200 txs | Reached: 2024-11-25 14:02:51
   ↳ [Task 329] Page 2 | Got 92 txs | Reached: 2024-11-24 23:56:06
✅ [Task 329] Finished 2024-11-24! Collected 292 txs.
🧵 [Task 331] Started: 2024-11-26 to 2024-11-26
   ↳ [Task 326] Page 3 | Got 60 txs | Reached: 2024-11-21 23:58:24
✅ [Task 326] Finished 2024-11-21! Collected 460 txs.
🧵 [Task 332] Started: 2024-11-27 to 2024-11-27
   ↳ [Task 328] Page 2 | Got 47 txs | Reached: 2024-11-23 23:59:42
✅ [Task 328] Finished 2024-11-23! Collected 247 txs.
🧵 [Task 333] Started: 2024-11-28 to 2024-11-28
   ↳ [Task 330] Page 2 | Got 200 txs | Reached: 2024-11-25 22:21:57
   ↳ [Task 332] Page 1 | Got 200 txs | Reached: 2024-11-27 19:38:51
   ↳ [Task 331] Page 1 | Got 200 txs | Reached: 2024-11-26 16:29:03
   ↳ [Task 330] Page 3 | Got 47 txs | Reached: 2024-11-25 23:58:48
✅ [Task 330] Finished 2024-11-25! Collected 447 txs.
🧵 [Task 334] Started: 2024-11-29 to 2024-11-29
   ↳ [Task 333] Page 1 | Got 200 txs | Reached: 2024-11-28 17:00:27
   ↳ [Task 332] Page 2 | Got 39 txs | Reached: 2024-11-27 23:44:54
✅ [Task 332] Finished 2024-11-27! Collected 239 txs.
🧵 [Task 335] Started: 2024-11-30 to 2024-11-30
   ↳ [Task 331] Page 2 | Got 75 txs | Reached: 2024-11-26 23:32:45
✅ [Task 331] Finished 2024-11-26! Collected 275 txs.
🧵 [Task 336] Started: 2024-12-01 to 2024-12-01
   ↳ [Task 333] Page 2 | Got 174 txs | Reached: 2024-11-28 23:59:57
✅ [Task 333] Finished 2024-11-28! Collected 374 txs.
🧵 [Task 337] Started: 2024-12-02 to 2024-12-02
   ↳ [Task 335] Page 1 | Got 200 txs | Reached: 2024-11-30 22:32:33
   ↳ [Task 334] Page 1 | Got 200 txs | Reached: 2024-11-29 15:04:42
   ↳ [Task 336] Page 1 | Got 200 txs | Reached: 2024-12-01 23:04:33
   ↳ [Task 335] Page 2 | Got 17 txs | Reached: 2024-11-30 23:34:51
✅ [Task 335] Finished 2024-11-30! Collected 217 txs.
🧵 [Task 338] Started: 2024-12-03 to 2024-12-03
   ↳ [Task 336] Page 2 | Got 12 txs | Reached: 2024-12-01 23:57:39
✅ [Task 336] Finished 2024-12-01! Collected 212 txs.
🧵 [Task 339] Started: 2024-12-04 to 2024-12-04
   ↳ [Task 337] Page 1 | Got 200 txs | Reached: 2024-12-02 11:35:57
   ↳ [Task 334] Page 2 | Got 184 txs | Reached: 2024-11-29 23:53:30
✅ [Task 334] Finished 2024-11-29! Collected 384 txs.
🧵 [Task 340] Started: 2024-12-05 to 2024-12-05
   ↳ [Task 338] Page 1 | Got 200 txs | Reached: 2024-12-03 16:51:09
   ↳ [Task 339] Page 1 | Got 200 txs | Reached: 2024-12-04 07:36:57
   ↳ [Task 337] Page 2 | Got 200 txs | Reached: 2024-12-02 20:01:45
   ↳ [Task 338] Page 2 | Got 83 txs | Reached: 2024-12-03 23:55:39
✅ [Task 338] Finished 2024-12-03! Collected 283 txs.
🧵 [Task 341] Started: 2024-12-06 to 2024-12-06
   ↳ [Task 340] Page 1 | Got 200 txs | Reached: 2024-12-05 11:24:36
   ↳ [Task 337] Page 3 | Got 77 txs | Reached: 2024-12-02 23:59:36
✅ [Task 337] Finished 2024-12-02! Collected 477 txs.
🧵 [Task 342] Started: 2024-12-07 to 2024-12-07
   ↳ [Task 341] Page 1 | Got 200 txs | Reached: 2024-12-06 16:29:24
   ↳ [Task 339] Page 2 | Got 200 txs | Reached: 2024-12-04 17:07:45
   ↳ [Task 340] Page 2 | Got 200 txs | Reached: 2024-12-05 22:27:03
   ↳ [Task 342] Page 1 | Got 189 txs | Reached: 2024-12-07 23:56:18
✅ [Task 342] Finished 2024-12-07! Collected 189 txs.
🧵 [Task 343] Started: 2024-12-08 to 2024-12-08
   ↳ [Task 341] Page 2 | Got 129 txs | Reached: 2024-12-06 23:58:18
✅ [Task 341] Finished 2024-12-06! Collected 329 txs.
🧵 [Task 344] Started: 2024-12-09 to 2024-12-09
   ↳ [Task 340] Page 3 | Got 16 txs | Reached: 2024-12-05 23:46:09
✅ [Task 340] Finished 2024-12-05! Collected 416 txs.
🧵 [Task 345] Started: 2024-12-10 to 2024-12-10
   ↳ [Task 339] Page 3 | Got 128 txs | Reached: 2024-12-04 23:46:54
✅ [Task 339] Finished 2024-12-04! Collected 528 txs.
🧵 [Task 346] Started: 2024-12-11 to 2024-12-11
   ↳ [Task 343] Page 1 | Got 192 txs | Reached: 2024-12-08 23:54:06
✅ [Task 343] Finished 2024-12-08! Collected 192 txs.
🧵 [Task 347] Started: 2024-12-12 to 2024-12-12
   ↳ [Task 345] Page 1 | Got 200 txs | Reached: 2024-12-10 15:55:30
   ↳ [Task 346] Page 1 | Got 200 txs | Reached: 2024-12-11 12:23:18
   ↳ [Task 344] Page 1 | Got 197 txs | Reached: 2024-12-09 23:50:18
✅ [Task 344] Finished 2024-12-09! Collected 197 txs.
🧵 [Task 348] Started: 2024-12-13 to 2024-12-13
   ↳ [Task 347] Page 1 | Got 200 txs | Reached: 2024-12-12 19:28:21
   ↳ [Task 345] Page 2 | Got 200 txs | Reached: 2024-12-10 22:18:21
   ↳ [Task 346] Page 2 | Got 200 txs | Reached: 2024-12-11 22:22:48
   ↳ [Task 348] Page 1 | Got 200 txs | Reached: 2024-12-13 21:15:06
   ↳ [Task 347] Page 2 | Got 50 txs | Reached: 2024-12-12 23:56:54
✅ [Task 347] Finished 2024-12-12! Collected 250 txs.
🧵 [Task 349] Started: 2024-12-14 to 2024-12-14
   ↳ [Task 346] Page 3 | Got 19 txs | Reached: 2024-12-11 23:58:24
✅ [Task 346] Finished 2024-12-11! Collected 419 txs.
🧵 [Task 350] Started: 2024-12-15 to 2024-12-15
   ↳ [Task 345] Page 3 | Got 71 txs | Reached: 2024-12-10 23:58:57
✅ [Task 345] Finished 2024-12-10! Collected 471 txs.
🧵 [Task 351] Started: 2024-12-16 to 2024-12-16
   ↳ [Task 348] Page 2 | Got 111 txs | Reached: 2024-12-13 23:59:33
✅ [Task 348] Finished 2024-12-13! Collected 311 txs.
🧵 [Task 352] Started: 2024-12-17 to 2024-12-17
   ↳ [Task 349] Page 1 | Got 200 txs | Reached: 2024-12-14 13:13:36
   ↳ [Task 350] Page 1 | Got 158 txs | Reached: 2024-12-15 23:55:54
✅ [Task 350] Finished 2024-12-15! Collected 158 txs.
🧵 [Task 353] Started: 2024-12-18 to 2024-12-18
   ↳ [Task 349] Page 2 | Got 100 txs | Reached: 2024-12-14 23:56:03
✅ [Task 349] Finished 2024-12-14! Collected 300 txs.
🧵 [Task 354] Started: 2024-12-19 to 2024-12-19
   ↳ [Task 351] Page 1 | Got 200 txs | Reached: 2024-12-16 20:34:33
   ↳ [Task 353] Page 1 | Got 200 txs | Reached: 2024-12-18 19:08:00
   ↳ [Task 352] Page 1 | Got 200 txs | Reached: 2024-12-17 19:24:54
   ↳ [Task 351] Page 2 | Got 61 txs | Reached: 2024-12-16 23:59:51
✅ [Task 351] Finished 2024-12-16! Collected 261 txs.
🧵 [Task 355] Started: 2024-12-20 to 2024-12-20
   ↳ [Task 354] Page 1 | Got 200 txs | Reached: 2024-12-19 23:13:51
   ↳ [Task 353] Page 2 | Got 64 txs | Reached: 2024-12-18 23:59:42
✅ [Task 353] Finished 2024-12-18! Collected 264 txs.
🧵 [Task 356] Started: 2024-12-21 to 2024-12-21
   ↳ [Task 354] Page 2 | Got 12 txs | Reached: 2024-12-19 23:58:12
✅ [Task 354] Finished 2024-12-19! Collected 212 txs.
🧵 [Task 357] Started: 2024-12-22 to 2024-12-22
   ↳ [Task 355] Page 1 | Got 200 txs | Reached: 2024-12-20 04:39:27
   ↳ [Task 352] Page 2 | Got 182 txs | Reached: 2024-12-17 23:59:54
✅ [Task 352] Finished 2024-12-17! Collected 382 txs.
🧵 [Task 358] Started: 2024-12-23 to 2024-12-23
   ↳ [Task 356] Page 1 | Got 200 txs | Reached: 2024-12-21 18:05:00
   ↳ [Task 357] Page 1 | Got 169 txs | Reached: 2024-12-22 23:58:57
✅ [Task 357] Finished 2024-12-22! Collected 169 txs.
🧵 [Task 359] Started: 2024-12-24 to 2024-12-24
   ↳ [Task 358] Page 1 | Got 200 txs | Reached: 2024-12-23 23:31:51
   ↳ [Task 355] Page 2 | Got 200 txs | Reached: 2024-12-20 18:45:15
   ↳ [Task 356] Page 2 | Got 94 txs | Reached: 2024-12-21 23:55:18
✅ [Task 356] Finished 2024-12-21! Collected 294 txs.
🧵 [Task 360] Started: 2024-12-25 to 2024-12-25
   ↳ [Task 359] Page 1 | Got 140 txs | Reached: 2024-12-24 23:33:12
✅ [Task 359] Finished 2024-12-24! Collected 140 txs.
🧵 [Task 361] Started: 2024-12-26 to 2024-12-26
   ↳ [Task 358] Page 2 | Got 8 txs | Reached: 2024-12-23 23:54:42
✅ [Task 358] Finished 2024-12-23! Collected 208 txs.
🧵 [Task 362] Started: 2024-12-27 to 2024-12-27
   ↳ [Task 355] Page 3 | Got 84 txs | Reached: 2024-12-20 23:59:09
✅ [Task 355] Finished 2024-12-20! Collected 484 txs.
🧵 [Task 363] Started: 2024-12-28 to 2024-12-28
   ↳ [Task 360] Page 1 | Got 172 txs | Reached: 2024-12-25 23:26:24
✅ [Task 360] Finished 2024-12-25! Collected 172 txs.
🧵 [Task 364] Started: 2024-12-29 to 2024-12-29
   ↳ [Task 361] Page 1 | Got 200 txs | Reached: 2024-12-26 23:15:42
   ↳ [Task 362] Page 1 | Got 200 txs | Reached: 2024-12-27 11:51:00
   ↳ [Task 361] Page 2 | Got 56 txs | Reached: 2024-12-26 23:51:39
✅ [Task 361] Finished 2024-12-26! Collected 256 txs.
🧵 [Task 365] Started: 2024-12-30 to 2024-12-30
   ↳ [Task 363] Page 1 | Got 200 txs | Reached: 2024-12-28 21:43:27
   ↳ [Task 364] Page 1 | Got 195 txs | Reached: 2024-12-29 23:59:24
✅ [Task 364] Finished 2024-12-29! Collected 195 txs.
🧵 [Task 366] Started: 2024-12-31 to 2024-12-31
   ↳ [Task 363] Page 2 | Got 25 txs | Reached: 2024-12-28 23:57:30
✅ [Task 363] Finished 2024-12-28! Collected 225 txs.
   ↳ [Task 362] Page 2 | Got 187 txs | Reached: 2024-12-27 23:07:48
✅ [Task 362] Finished 2024-12-27! Collected 387 txs.
   ↳ [Task 365] Page 1 | Got 200 txs | Reached: 2024-12-30 15:07:03
   ↳ [Task 366] Page 1 | Got 200 txs | Reached: 2024-12-31 18:36:30
   ↳ [Task 365] Page 2 | Got 172 txs | Reached: 2024-12-30 23:43:30
✅ [Task 365] Finished 2024-12-30! Collected 372 txs.
   ↳ [Task 366] Page 2 | Got 98 txs | Reached: 2024-12-31 23:42:06
✅ [Task 366] Finished 2024-12-31! Collected 298 txs.
