Deposits: 9122 
Withdrawals: 9122
💾 Deposits Saved in data/classified/fixedfloat_2025_trx_deposits.csv
💾 Withdraw Saved in data/classified/fixedfloat_2025_trx_withdrawals.csv

Deposits: 780 
Withdrawals: 780
💾 Deposits Saved in data/classified/sideshift_2024_trx_samples_deposits.csv
💾 Withdraw Saved in data/classified/sideshift_2024_trx_samples_withdrawals.csv

Deposits: 37 
Withdrawals: 32
💾 Deposits Saved in data/classified/fixedfloat_2025_trc20_deposits.csv
💾 Withdraw Saved in data/classified/fixedfloat_2025_trc20_withdrawals.csv

Deposits: 2577 
Withdrawals: 2974
💾 Deposits Saved in data/classified/sideshift_2024_trc20_deposits.csv
💾 Withdraw Saved in data/classified/sideshift_2024_trc20_withdrawals.csv

Deposits: 490 
Withdrawals: 490
💾 Deposits Saved in data/classified/changenow_2024_trx_samples_deposits.csv
💾 Withdraw Saved in data/classified/changenow_2024_trx_samples_withdrawals.csv

Deposits: 9527 
Withdrawals: 9527
💾 Deposits Saved in data/classified/fixedfloat_2024_trx_deposits.csv
💾 Withdraw Saved in data/classified/fixedfloat_2024_trx_withdrawals.csv

Deposits: 7838 
Withdrawals: 7838
💾 Deposits Saved in data/classified/sideshift_2024_trx_deposits.csv
💾 Withdraw Saved in data/classified/sideshift_2024_trx_withdrawals.csv

Deposits: 8229 
Withdrawals: 8229
💾 Deposits Saved in data/classified/changenow_2025_trx_deposits.csv
💾 Withdraw Saved in data/classified/changenow_2025_trx_withdrawals.csv

Deposits: 1938 
Withdrawals: 2304
💾 Deposits Saved in data/classified/sideshift_2025_trc20_deposits.csv
💾 Withdraw Saved in data/classified/sideshift_2025_trc20_withdrawals.csv

Deposits: 6434 
Withdrawals: 6434
💾 Deposits Saved in data/classified/sideshift_2025_trx_deposits.csv
💾 Withdraw Saved in data/classified/sideshift_2025_trx_withdrawals.csv

Deposits: 503 
Withdrawals: 497
💾 Deposits Saved in data/classified/fixedfloat_2024_trc20_samples_deposits.csv
💾 Withdraw Saved in data/classified/fixedfloat_2024_trc20_samples_withdrawals.csv

Deposits: 2124 
Withdrawals: 2504
💾 Deposits Saved in data/classified/fixedfloat_2024_trc20_deposits.csv
💾 Withdraw Saved in data/classified/fixedfloat_2024_trc20_withdrawals.csv

Deposits: 1273 
Withdrawals: 567
💾 Deposits Saved in data/classified/changenow_2024_trc20_deposits.csv
💾 Withdraw Saved in data/classified/changenow_2024_trc20_withdrawals.csv

Deposits: 706 
Withdrawals: 294
💾 Deposits Saved in data/classified/changenow_2024_trc20_samples_deposits.csv
💾 Withdraw Saved in data/classified/changenow_2024_trc20_samples_withdrawals.csv

Deposits: 463 
Withdrawals: 537
💾 Deposits Saved in data/classified/fixedfloat_2025_trc20_samples_deposits.csv
💾 Withdraw Saved in data/classified/fixedfloat_2025_trc20_samples_withdrawals.csv

Deposits: 455 
Withdrawals: 455
💾 Deposits Saved in data/classified/fixedfloat_2024_trx_samples_deposits.csv
💾 Withdraw Saved in data/classified/fixedfloat_2024_trx_samples_withdrawals.csv

Deposits: 526 
Withdrawals: 526
💾 Deposits Saved in data/classified/fixedfloat_2025_trx_samples_deposits.csv
💾 Withdraw Saved in data/classified/fixedfloat_2025_trx_samples_withdrawals.csv

Deposits: 565 
Withdrawals: 435
💾 Deposits Saved in data/classified/sideshift_2024_trc20_samples_deposits.csv
💾 Withdraw Saved in data/classified/sideshift_2024_trc20_samples_withdrawals.csv

Deposits: 706 
Withdrawals: 294
💾 Deposits Saved in data/classified/changenow_2025_trc20_samples_deposits.csv
💾 Withdraw Saved in data/classified/changenow_2025_trc20_samples_withdrawals.csv

Deposits: 831 
Withdrawals: 831
💾 Deposits Saved in data/classified/sideshift_2025_trx_samples_deposits.csv
💾 Withdraw Saved in data/classified/sideshift_2025_trx_samples_withdrawals.csv

Deposits: 483 
Withdrawals: 517
💾 Deposits Saved in data/classified/sideshift_2025_trc20_samples_deposits.csv
💾 Withdraw Saved in data/classified/sideshift_2025_trc20_samples_withdrawals.csv

Deposits: 604 
Withdrawals: 604
💾 Deposits Saved in data/classified/changenow_2025_trx_samples_deposits.csv
💾 Withdraw Saved in data/classified/changenow_2025_trx_samples_withdrawals.csv

Deposits: 7939 
Withdrawals: 7939
💾 Deposits Saved in data/classified/changenow_2024_trx_deposits.csv
💾 Withdraw Saved in data/classified/changenow_2024_trx_withdrawals.csv

Deposits: 3739 
Withdrawals: 2592
💾 Deposits Saved in data/classified/changenow_2025_trc20_deposits.csv
💾 Withdraw Saved in data/classified/changenow_2025_trc20_withdrawals.csv

